   0  $accept : start $end

   1  start : TypeDefBlock ClassDefBlock GDeclBlock FDefBlock MainBlock
   2        | TypeDefBlock ClassDefBlock GDeclBlock MainBlock
   3        | TypeDefBlock GDeclBlock MainBlock
   4        | TypeDefBlock GDeclBlock FDefBlock MainBlock
   5        | TypeDefBlock GDeclBlock

   6  TypeDefBlock : TYPE TypeDefList ENDTYPE
   7               |

   8  TypeDefList : TypeDefList TypeDef
   9              | TypeDef

  10  TypeDef : TypeID '{' FieldDeclList '}'

  11  TypeID : ID

  12  FieldDeclList : FieldDeclList FieldDecl
  13                | FieldDecl

  14  FieldDecl : TypeName ID ';'

  15  TypeName : INT
  16           | STR
  17           | ID

  18  ClassDefBlock : CLASS ClassDefList ENDCLASS

  19  ClassDefList : ClassDefList ClassDef
  20               | ClassDef

  21  ClassDef : ClassName '{' ClassMembers MethodDefns '}'

  22  ClassMembers : DECL FieldDeclList MethodDeclList ENDDECL

  23  ClassName : ID
  24            | ID EXTENDS ID

  25  MethodDeclList : MethodDeclList MethodDecl
  26                 | MethodDecl

  27  MethodDecl : TypeName ID '(' ParamList ')' ';'

  28  MethodDefns : FDefBlock

  29  Slist : Slist Stmt ';'
  30        | Stmt ';'

  31  Stmt : inputStmt
  32       | outputStmt
  33       | assignStmt
  34       | ifStmt
  35       | whileStmt
  36       | doWhileStmt
  37       | breakStmt
  38       | continueStmt
  39       | breakPointStmt
  40       | DynamicMemStmt

  41  inputStmt : READ expr

  42  outputStmt : WRITE expr

  43  assignStmt : ID '=' expr
  44             | ID '[' expr ']' '=' expr
  45             | MUL ID '=' expr
  46             | Field '=' expr

  47  retVal : expr

  48  retStmt : RETURN retVal ';'

  49  ifStmt : IF expr THEN Slist ELSE Slist ENDIF
  50         | IF expr THEN Slist ENDIF

  51  whileStmt : WHILE expr DO Slist ENDWHILE

  52  doWhileStmt : DO Slist WHILE expr ENDWHILE

  53  breakStmt : BREAK

  54  continueStmt : CONTINUE

  55  breakPointStmt : BREAKPOINT

  56  GDeclBlock : DECL GDeclList ENDDECL
  57             | DECL ENDDECL

  58  GDeclList : GDeclList GDecl
  59            | GDecl

  60  GDecl : GType GIDList ';'
  61        | GType TupleDecl GIDList ';'

  62  GType : INT
  63        | STR
  64        | ID
  65        | TUPLE ID

  66  GIDList : GIDList ',' GID
  67          | GID

  68  GID : ID
  69      | ID '[' NUM ']'
  70      | ID '(' ParamList ')'
  71      | GPtrID
  72      | GPtrID '(' ParamList ')'

  73  GPtrID : MUL ID

  74  TupleDecl : '(' TupleFieldDeclList ')'

  75  TupleFieldDeclList : TupleFieldDeclList ',' TupleFieldDecl
  76                     | TupleFieldDecl

  77  TupleFieldDecl : TupleFieldType TupleFieldName

  78  TupleFieldType : INT
  79                 | STR

  80  TupleFieldName : ID

  81  ParamList : ParamList ',' Param
  82            | Param
  83            |

  84  Param : ParamType ID

  85  ParamType : INT
  86            | STR
  87            | INT MUL
  88            | STR MUL
  89            | ID

  90  ArgList : ArgList ',' Arg
  91          | Arg
  92          |

  93  Arg : expr

  94  FDefBlock : FDefBlock FDef
  95            | FDef

  96  FID : ID

  97  FDef : FuncSign '{' LDeclBlock FBody '}'

  98  FuncSign : FuncType FID '(' ParamList ')'

  99  FuncType : INT
 100           | STR
 101           | INT MUL
 102           | STR MUL
 103           | ID

 104  FBody : BEGIN_ Slist retStmt END ';'
 105        | BEGIN_ retStmt END ';'

 106  LDeclBlock : DECL LDeclList ENDDECL
 107             | DECL ENDDECL
 108             |

 109  LDeclList : LDeclList LDecl
 110            | LDecl

 111  LDecl : LType LIDList ';'
 112        | LType TupleDecl LIDList ';'

 113  LType : INT
 114        | STR
 115        | ID
 116        | TUPLE ID

 117  LIDList : LIDList ',' LID
 118          | LID

 119  LID : ID
 120      | ID '[' NUM ']'
 121      | MUL ID

 122  MainBlock : MainFunc '(' ')' '{' LDeclBlock MBody '}'

 123  MainFunc : INT MAIN

 124  MBody : BEGIN_ Slist retStmt END ';'

 125  DynamicMemStmt : AllocStmt
 126                 | FreeStmt
 127                 | InitializeStmt
 128                 | NewStmt

 129  AllocStmt : DynaMemID ALLOC '(' ')'

 130  FreeStmt : DynaMemID FREE '(' expr ')'

 131  InitializeStmt : DynaMemID INITIALIZE '(' ')'

 132  NewStmt : DynaMemID NEW '(' ID ')'

 133  DynaMemID : ID '='
 134            | ID '[' expr ']' '='
 135            | Field '='

 136  FieldFunction : Field '(' ArgList ')'

 137  Field : Field '.' ID
 138        | FieldID '.' ID
 139        | SELF '.' ID

 140  FieldID : ID
 141          | ID '[' expr ']'

 142  expr : expr PLUS expr
 143       | expr MINUS expr
 144       | expr MUL expr
 145       | expr DIV expr
 146       | expr MOD expr
 147       | expr EQ expr
 148       | expr NEQ expr
 149       | expr LT expr
 150       | expr LTE expr
 151       | expr GT expr
 152       | expr GTE expr
 153       | expr AND expr
 154       | expr OR expr
 155       | NOT expr
 156       | '(' expr ')'
 157       | Field
 158       | FieldFunction
 159       | ID '(' ArgList ')'
 160       | ID '[' expr ']'
 161       | AMPERSAND ID
 162       | MUL ID
 163       | ID
 164       | NUM
 165       | STRING
 166       | NULL_

state 0
	$accept : . start $end  (0)
	TypeDefBlock : .  (7)

	TYPE  shift 1
	DECL  reduce 7
	CLASS  reduce 7

	start  goto 2
	TypeDefBlock  goto 3


state 1
	TypeDefBlock : TYPE . TypeDefList ENDTYPE  (6)

	ID  shift 4
	.  error

	TypeID  goto 5
	TypeDefList  goto 6
	TypeDef  goto 7


state 2
	$accept : start . $end  (0)

	$end  accept


state 3
	start : TypeDefBlock . ClassDefBlock GDeclBlock FDefBlock MainBlock  (1)
	start : TypeDefBlock . ClassDefBlock GDeclBlock MainBlock  (2)
	start : TypeDefBlock . GDeclBlock MainBlock  (3)
	start : TypeDefBlock . GDeclBlock FDefBlock MainBlock  (4)
	start : TypeDefBlock . GDeclBlock  (5)

	DECL  shift 8
	CLASS  shift 9
	.  error

	ClassDefBlock  goto 10
	GDeclBlock  goto 11


state 4
	TypeID : ID .  (11)

	.  reduce 11


state 5
	TypeDef : TypeID . '{' FieldDeclList '}'  (10)

	'{'  shift 12
	.  error


state 6
	TypeDefBlock : TYPE TypeDefList . ENDTYPE  (6)
	TypeDefList : TypeDefList . TypeDef  (8)

	ID  shift 4
	ENDTYPE  shift 13
	.  error

	TypeID  goto 5
	TypeDef  goto 14


state 7
	TypeDefList : TypeDef .  (9)

	.  reduce 9


state 8
	GDeclBlock : DECL . GDeclList ENDDECL  (56)
	GDeclBlock : DECL . ENDDECL  (57)

	ID  shift 15
	TUPLE  shift 16
	ENDDECL  shift 17
	INT  shift 18
	STR  shift 19
	.  error

	GType  goto 20
	GDeclList  goto 21
	GDecl  goto 22


state 9
	ClassDefBlock : CLASS . ClassDefList ENDCLASS  (18)

	ID  shift 23
	.  error

	ClassDef  goto 24
	ClassName  goto 25
	ClassDefList  goto 26


state 10
	start : TypeDefBlock ClassDefBlock . GDeclBlock FDefBlock MainBlock  (1)
	start : TypeDefBlock ClassDefBlock . GDeclBlock MainBlock  (2)

	DECL  shift 8
	.  error

	GDeclBlock  goto 27


state 11
	start : TypeDefBlock GDeclBlock . MainBlock  (3)
	start : TypeDefBlock GDeclBlock . FDefBlock MainBlock  (4)
	start : TypeDefBlock GDeclBlock .  (5)

	ID  shift 28
	INT  shift 29
	STR  shift 30
	$end  reduce 5

	FDefBlock  goto 31
	MainBlock  goto 32
	FDef  goto 33
	FuncSign  goto 34
	FuncType  goto 35
	MainFunc  goto 36


state 12
	TypeDef : TypeID '{' . FieldDeclList '}'  (10)

	ID  shift 37
	INT  shift 38
	STR  shift 39
	.  error

	TypeName  goto 40
	FieldDecl  goto 41
	FieldDeclList  goto 42


state 13
	TypeDefBlock : TYPE TypeDefList ENDTYPE .  (6)

	.  reduce 6


state 14
	TypeDefList : TypeDefList TypeDef .  (8)

	.  reduce 8


state 15
	GType : ID .  (64)

	.  reduce 64


state 16
	GType : TUPLE . ID  (65)

	ID  shift 43
	.  error


state 17
	GDeclBlock : DECL ENDDECL .  (57)

	.  reduce 57


state 18
	GType : INT .  (62)

	.  reduce 62


state 19
	GType : STR .  (63)

	.  reduce 63


state 20
	GDecl : GType . GIDList ';'  (60)
	GDecl : GType . TupleDecl GIDList ';'  (61)

	ID  shift 44
	MUL  shift 45
	'('  shift 46
	.  error

	GPtrID  goto 47
	TupleDecl  goto 48
	GIDList  goto 49
	GID  goto 50


state 21
	GDeclBlock : DECL GDeclList . ENDDECL  (56)
	GDeclList : GDeclList . GDecl  (58)

	ID  shift 15
	TUPLE  shift 16
	ENDDECL  shift 51
	INT  shift 18
	STR  shift 19
	.  error

	GType  goto 20
	GDecl  goto 52


state 22
	GDeclList : GDecl .  (59)

	.  reduce 59


state 23
	ClassName : ID .  (23)
	ClassName : ID . EXTENDS ID  (24)

	EXTENDS  shift 53
	'{'  reduce 23


state 24
	ClassDefList : ClassDef .  (20)

	.  reduce 20


state 25
	ClassDef : ClassName . '{' ClassMembers MethodDefns '}'  (21)

	'{'  shift 54
	.  error


state 26
	ClassDefBlock : CLASS ClassDefList . ENDCLASS  (18)
	ClassDefList : ClassDefList . ClassDef  (19)

	ID  shift 23
	ENDCLASS  shift 55
	.  error

	ClassDef  goto 56
	ClassName  goto 25


state 27
	start : TypeDefBlock ClassDefBlock GDeclBlock . FDefBlock MainBlock  (1)
	start : TypeDefBlock ClassDefBlock GDeclBlock . MainBlock  (2)

	ID  shift 28
	INT  shift 29
	STR  shift 30
	.  error

	FDefBlock  goto 57
	MainBlock  goto 58
	FDef  goto 33
	FuncSign  goto 34
	FuncType  goto 35
	MainFunc  goto 36


state 28
	FuncType : ID .  (103)

	.  reduce 103


state 29
	FuncType : INT .  (99)
	FuncType : INT . MUL  (101)
	MainFunc : INT . MAIN  (123)

	MAIN  shift 59
	MUL  shift 60
	ID  reduce 99


state 30
	FuncType : STR .  (100)
	FuncType : STR . MUL  (102)

	MUL  shift 61
	ID  reduce 100


state 31
	start : TypeDefBlock GDeclBlock FDefBlock . MainBlock  (4)
	FDefBlock : FDefBlock . FDef  (94)

	ID  shift 28
	INT  shift 29
	STR  shift 30
	.  error

	MainBlock  goto 62
	FDef  goto 63
	FuncSign  goto 34
	FuncType  goto 35
	MainFunc  goto 36


state 32
	start : TypeDefBlock GDeclBlock MainBlock .  (3)

	.  reduce 3


state 33
	FDefBlock : FDef .  (95)

	.  reduce 95


state 34
	FDef : FuncSign . '{' LDeclBlock FBody '}'  (97)

	'{'  shift 64
	.  error


state 35
	FuncSign : FuncType . FID '(' ParamList ')'  (98)

	ID  shift 65
	.  error

	FID  goto 66


state 36
	MainBlock : MainFunc . '(' ')' '{' LDeclBlock MBody '}'  (122)

	'('  shift 67
	.  error


state 37
	TypeName : ID .  (17)

	.  reduce 17


state 38
	TypeName : INT .  (15)

	.  reduce 15


state 39
	TypeName : STR .  (16)

	.  reduce 16


state 40
	FieldDecl : TypeName . ID ';'  (14)

	ID  shift 68
	.  error


state 41
	FieldDeclList : FieldDecl .  (13)

	.  reduce 13


state 42
	TypeDef : TypeID '{' FieldDeclList . '}'  (10)
	FieldDeclList : FieldDeclList . FieldDecl  (12)

	ID  shift 37
	INT  shift 38
	STR  shift 39
	'}'  shift 69
	.  error

	TypeName  goto 40
	FieldDecl  goto 70


state 43
	GType : TUPLE ID .  (65)

	.  reduce 65


state 44
	GID : ID .  (68)
	GID : ID . '[' NUM ']'  (69)
	GID : ID . '(' ParamList ')'  (70)

	'('  shift 71
	'['  shift 72
	','  reduce 68
	';'  reduce 68


state 45
	GPtrID : MUL . ID  (73)

	ID  shift 73
	.  error


state 46
	TupleDecl : '(' . TupleFieldDeclList ')'  (74)

	INT  shift 74
	STR  shift 75
	.  error

	TupleFieldType  goto 76
	TupleFieldDecl  goto 77
	TupleFieldDeclList  goto 78


state 47
	GID : GPtrID .  (71)
	GID : GPtrID . '(' ParamList ')'  (72)

	'('  shift 79
	','  reduce 71
	';'  reduce 71


state 48
	GDecl : GType TupleDecl . GIDList ';'  (61)

	ID  shift 44
	MUL  shift 45
	.  error

	GPtrID  goto 47
	GIDList  goto 80
	GID  goto 50


state 49
	GDecl : GType GIDList . ';'  (60)
	GIDList : GIDList . ',' GID  (66)

	','  shift 81
	';'  shift 82
	.  error


state 50
	GIDList : GID .  (67)

	.  reduce 67


state 51
	GDeclBlock : DECL GDeclList ENDDECL .  (56)

	.  reduce 56


state 52
	GDeclList : GDeclList GDecl .  (58)

	.  reduce 58


state 53
	ClassName : ID EXTENDS . ID  (24)

	ID  shift 83
	.  error


state 54
	ClassDef : ClassName '{' . ClassMembers MethodDefns '}'  (21)

	DECL  shift 84
	.  error

	ClassMembers  goto 85


state 55
	ClassDefBlock : CLASS ClassDefList ENDCLASS .  (18)

	.  reduce 18


state 56
	ClassDefList : ClassDefList ClassDef .  (19)

	.  reduce 19


state 57
	start : TypeDefBlock ClassDefBlock GDeclBlock FDefBlock . MainBlock  (1)
	FDefBlock : FDefBlock . FDef  (94)

	ID  shift 28
	INT  shift 29
	STR  shift 30
	.  error

	MainBlock  goto 86
	FDef  goto 63
	FuncSign  goto 34
	FuncType  goto 35
	MainFunc  goto 36


state 58
	start : TypeDefBlock ClassDefBlock GDeclBlock MainBlock .  (2)

	.  reduce 2


state 59
	MainFunc : INT MAIN .  (123)

	.  reduce 123


state 60
	FuncType : INT MUL .  (101)

	.  reduce 101


state 61
	FuncType : STR MUL .  (102)

	.  reduce 102


state 62
	start : TypeDefBlock GDeclBlock FDefBlock MainBlock .  (4)

	.  reduce 4


state 63
	FDefBlock : FDefBlock FDef .  (94)

	.  reduce 94


state 64
	FDef : FuncSign '{' . LDeclBlock FBody '}'  (97)
	LDeclBlock : .  (108)

	DECL  shift 87
	BEGIN_  reduce 108

	LDeclBlock  goto 88


state 65
	FID : ID .  (96)

	.  reduce 96


state 66
	FuncSign : FuncType FID . '(' ParamList ')'  (98)

	'('  shift 89
	.  error


state 67
	MainBlock : MainFunc '(' . ')' '{' LDeclBlock MBody '}'  (122)

	')'  shift 90
	.  error


state 68
	FieldDecl : TypeName ID . ';'  (14)

	';'  shift 91
	.  error


state 69
	TypeDef : TypeID '{' FieldDeclList '}' .  (10)

	.  reduce 10


state 70
	FieldDeclList : FieldDeclList FieldDecl .  (12)

	.  reduce 12


state 71
	GID : ID '(' . ParamList ')'  (70)
	ParamList : .  (83)

	ID  shift 92
	INT  shift 93
	STR  shift 94
	','  reduce 83
	')'  reduce 83

	ParamList  goto 95
	Param  goto 96
	ParamType  goto 97


state 72
	GID : ID '[' . NUM ']'  (69)

	NUM  shift 98
	.  error


state 73
	GPtrID : MUL ID .  (73)

	.  reduce 73


state 74
	TupleFieldType : INT .  (78)

	.  reduce 78


state 75
	TupleFieldType : STR .  (79)

	.  reduce 79


state 76
	TupleFieldDecl : TupleFieldType . TupleFieldName  (77)

	ID  shift 99
	.  error

	TupleFieldName  goto 100


state 77
	TupleFieldDeclList : TupleFieldDecl .  (76)

	.  reduce 76


state 78
	TupleDecl : '(' TupleFieldDeclList . ')'  (74)
	TupleFieldDeclList : TupleFieldDeclList . ',' TupleFieldDecl  (75)

	','  shift 101
	')'  shift 102
	.  error


state 79
	GID : GPtrID '(' . ParamList ')'  (72)
	ParamList : .  (83)

	ID  shift 92
	INT  shift 93
	STR  shift 94
	','  reduce 83
	')'  reduce 83

	ParamList  goto 103
	Param  goto 96
	ParamType  goto 97


state 80
	GDecl : GType TupleDecl GIDList . ';'  (61)
	GIDList : GIDList . ',' GID  (66)

	','  shift 81
	';'  shift 104
	.  error


state 81
	GIDList : GIDList ',' . GID  (66)

	ID  shift 44
	MUL  shift 45
	.  error

	GPtrID  goto 47
	GID  goto 105


state 82
	GDecl : GType GIDList ';' .  (60)

	.  reduce 60


state 83
	ClassName : ID EXTENDS ID .  (24)

	.  reduce 24


state 84
	ClassMembers : DECL . FieldDeclList MethodDeclList ENDDECL  (22)

	ID  shift 37
	INT  shift 38
	STR  shift 39
	.  error

	TypeName  goto 40
	FieldDecl  goto 41
	FieldDeclList  goto 106


state 85
	ClassDef : ClassName '{' ClassMembers . MethodDefns '}'  (21)

	ID  shift 28
	INT  shift 107
	STR  shift 30
	.  error

	FDefBlock  goto 108
	MethodDefns  goto 109
	FDef  goto 33
	FuncSign  goto 34
	FuncType  goto 35


state 86
	start : TypeDefBlock ClassDefBlock GDeclBlock FDefBlock MainBlock .  (1)

	.  reduce 1


state 87
	LDeclBlock : DECL . LDeclList ENDDECL  (106)
	LDeclBlock : DECL . ENDDECL  (107)

	ID  shift 110
	TUPLE  shift 111
	ENDDECL  shift 112
	INT  shift 113
	STR  shift 114
	.  error

	LType  goto 115
	LDeclList  goto 116
	LDecl  goto 117


state 88
	FDef : FuncSign '{' LDeclBlock . FBody '}'  (97)

	BEGIN_  shift 118
	.  error

	FBody  goto 119


state 89
	FuncSign : FuncType FID '(' . ParamList ')'  (98)
	ParamList : .  (83)

	ID  shift 92
	INT  shift 93
	STR  shift 94
	','  reduce 83
	')'  reduce 83

	ParamList  goto 120
	Param  goto 96
	ParamType  goto 97


state 90
	MainBlock : MainFunc '(' ')' . '{' LDeclBlock MBody '}'  (122)

	'{'  shift 121
	.  error


state 91
	FieldDecl : TypeName ID ';' .  (14)

	.  reduce 14


state 92
	ParamType : ID .  (89)

	.  reduce 89


state 93
	ParamType : INT .  (85)
	ParamType : INT . MUL  (87)

	MUL  shift 122
	ID  reduce 85


state 94
	ParamType : STR .  (86)
	ParamType : STR . MUL  (88)

	MUL  shift 123
	ID  reduce 86


state 95
	GID : ID '(' ParamList . ')'  (70)
	ParamList : ParamList . ',' Param  (81)

	','  shift 124
	')'  shift 125
	.  error


state 96
	ParamList : Param .  (82)

	.  reduce 82


state 97
	Param : ParamType . ID  (84)

	ID  shift 126
	.  error


state 98
	GID : ID '[' NUM . ']'  (69)

	']'  shift 127
	.  error


state 99
	TupleFieldName : ID .  (80)

	.  reduce 80


state 100
	TupleFieldDecl : TupleFieldType TupleFieldName .  (77)

	.  reduce 77


state 101
	TupleFieldDeclList : TupleFieldDeclList ',' . TupleFieldDecl  (75)

	INT  shift 74
	STR  shift 75
	.  error

	TupleFieldType  goto 76
	TupleFieldDecl  goto 128


state 102
	TupleDecl : '(' TupleFieldDeclList ')' .  (74)

	.  reduce 74


state 103
	GID : GPtrID '(' ParamList . ')'  (72)
	ParamList : ParamList . ',' Param  (81)

	','  shift 124
	')'  shift 129
	.  error


state 104
	GDecl : GType TupleDecl GIDList ';' .  (61)

	.  reduce 61


state 105
	GIDList : GIDList ',' GID .  (66)

	.  reduce 66


state 106
	FieldDeclList : FieldDeclList . FieldDecl  (12)
	ClassMembers : DECL FieldDeclList . MethodDeclList ENDDECL  (22)

	ID  shift 37
	INT  shift 38
	STR  shift 39
	.  error

	TypeName  goto 130
	FieldDecl  goto 70
	MethodDeclList  goto 131
	MethodDecl  goto 132


state 107
	FuncType : INT .  (99)
	FuncType : INT . MUL  (101)

	MUL  shift 60
	ID  reduce 99


state 108
	MethodDefns : FDefBlock .  (28)
	FDefBlock : FDefBlock . FDef  (94)

	ID  shift 28
	INT  shift 107
	STR  shift 30
	'}'  reduce 28

	FDef  goto 63
	FuncSign  goto 34
	FuncType  goto 35


state 109
	ClassDef : ClassName '{' ClassMembers MethodDefns . '}'  (21)

	'}'  shift 133
	.  error


state 110
	LType : ID .  (115)

	.  reduce 115


state 111
	LType : TUPLE . ID  (116)

	ID  shift 134
	.  error


state 112
	LDeclBlock : DECL ENDDECL .  (107)

	.  reduce 107


state 113
	LType : INT .  (113)

	.  reduce 113


state 114
	LType : STR .  (114)

	.  reduce 114


state 115
	LDecl : LType . LIDList ';'  (111)
	LDecl : LType . TupleDecl LIDList ';'  (112)

	ID  shift 135
	MUL  shift 136
	'('  shift 46
	.  error

	TupleDecl  goto 137
	LIDList  goto 138
	LID  goto 139


state 116
	LDeclBlock : DECL LDeclList . ENDDECL  (106)
	LDeclList : LDeclList . LDecl  (109)

	ID  shift 110
	TUPLE  shift 111
	ENDDECL  shift 140
	INT  shift 113
	STR  shift 114
	.  error

	LType  goto 115
	LDecl  goto 141


state 117
	LDeclList : LDecl .  (110)

	.  reduce 110


state 118
	FBody : BEGIN_ . Slist retStmt END ';'  (104)
	FBody : BEGIN_ . retStmt END ';'  (105)

	ID  shift 142
	READ  shift 143
	WRITE  shift 144
	MUL  shift 145
	BREAKPOINT  shift 146
	IF  shift 147
	WHILE  shift 148
	DO  shift 149
	BREAK  shift 150
	CONTINUE  shift 151
	RETURN  shift 152
	SELF  shift 153
	.  error

	Slist  goto 154
	Stmt  goto 155
	inputStmt  goto 156
	outputStmt  goto 157
	assignStmt  goto 158
	ifStmt  goto 159
	whileStmt  goto 160
	doWhileStmt  goto 161
	breakStmt  goto 162
	continueStmt  goto 163
	breakPointStmt  goto 164
	retStmt  goto 165
	Field  goto 166
	InitializeStmt  goto 167
	AllocStmt  goto 168
	FreeStmt  goto 169
	DynaMemID  goto 170
	FieldID  goto 171
	NewStmt  goto 172
	DynamicMemStmt  goto 173


state 119
	FDef : FuncSign '{' LDeclBlock FBody . '}'  (97)

	'}'  shift 174
	.  error


state 120
	ParamList : ParamList . ',' Param  (81)
	FuncSign : FuncType FID '(' ParamList . ')'  (98)

	','  shift 124
	')'  shift 175
	.  error


state 121
	MainBlock : MainFunc '(' ')' '{' . LDeclBlock MBody '}'  (122)
	LDeclBlock : .  (108)

	DECL  shift 87
	BEGIN_  reduce 108

	LDeclBlock  goto 176


state 122
	ParamType : INT MUL .  (87)

	.  reduce 87


state 123
	ParamType : STR MUL .  (88)

	.  reduce 88


state 124
	ParamList : ParamList ',' . Param  (81)

	ID  shift 92
	INT  shift 93
	STR  shift 94
	.  error

	Param  goto 177
	ParamType  goto 97


state 125
	GID : ID '(' ParamList ')' .  (70)

	.  reduce 70


state 126
	Param : ParamType ID .  (84)

	.  reduce 84


state 127
	GID : ID '[' NUM ']' .  (69)

	.  reduce 69


state 128
	TupleFieldDeclList : TupleFieldDeclList ',' TupleFieldDecl .  (75)

	.  reduce 75


state 129
	GID : GPtrID '(' ParamList ')' .  (72)

	.  reduce 72


state 130
	FieldDecl : TypeName . ID ';'  (14)
	MethodDecl : TypeName . ID '(' ParamList ')' ';'  (27)

	ID  shift 178
	.  error


state 131
	ClassMembers : DECL FieldDeclList MethodDeclList . ENDDECL  (22)
	MethodDeclList : MethodDeclList . MethodDecl  (25)

	ID  shift 37
	ENDDECL  shift 179
	INT  shift 38
	STR  shift 39
	.  error

	TypeName  goto 180
	MethodDecl  goto 181


state 132
	MethodDeclList : MethodDecl .  (26)

	.  reduce 26


state 133
	ClassDef : ClassName '{' ClassMembers MethodDefns '}' .  (21)

	.  reduce 21


state 134
	LType : TUPLE ID .  (116)

	.  reduce 116


state 135
	LID : ID .  (119)
	LID : ID . '[' NUM ']'  (120)

	'['  shift 182
	','  reduce 119
	';'  reduce 119


state 136
	LID : MUL . ID  (121)

	ID  shift 183
	.  error


state 137
	LDecl : LType TupleDecl . LIDList ';'  (112)

	ID  shift 135
	MUL  shift 136
	.  error

	LIDList  goto 184
	LID  goto 139


state 138
	LDecl : LType LIDList . ';'  (111)
	LIDList : LIDList . ',' LID  (117)

	','  shift 185
	';'  shift 186
	.  error


state 139
	LIDList : LID .  (118)

	.  reduce 118


state 140
	LDeclBlock : DECL LDeclList ENDDECL .  (106)

	.  reduce 106


state 141
	LDeclList : LDeclList LDecl .  (109)

	.  reduce 109


state 142
	assignStmt : ID . '=' expr  (43)
	assignStmt : ID . '[' expr ']' '=' expr  (44)
	DynaMemID : ID . '='  (133)
	DynaMemID : ID . '[' expr ']' '='  (134)
	FieldID : ID .  (140)
	FieldID : ID . '[' expr ']'  (141)

	'='  shift 187
	'['  shift 188
	'.'  reduce 140


state 143
	inputStmt : READ . expr  (41)

	ID  shift 189
	NUM  shift 190
	STRING  shift 191
	NULL_  shift 192
	MUL  shift 193
	AMPERSAND  shift 194
	NOT  shift 195
	SELF  shift 153
	'('  shift 196
	.  error

	expr  goto 197
	Field  goto 198
	FieldID  goto 171
	FieldFunction  goto 199


state 144
	outputStmt : WRITE . expr  (42)

	ID  shift 189
	NUM  shift 190
	STRING  shift 191
	NULL_  shift 192
	MUL  shift 193
	AMPERSAND  shift 194
	NOT  shift 195
	SELF  shift 153
	'('  shift 196
	.  error

	expr  goto 200
	Field  goto 198
	FieldID  goto 171
	FieldFunction  goto 199


state 145
	assignStmt : MUL . ID '=' expr  (45)

	ID  shift 201
	.  error


state 146
	breakPointStmt : BREAKPOINT .  (55)

	.  reduce 55


state 147
	ifStmt : IF . expr THEN Slist ELSE Slist ENDIF  (49)
	ifStmt : IF . expr THEN Slist ENDIF  (50)

	ID  shift 189
	NUM  shift 190
	STRING  shift 191
	NULL_  shift 192
	MUL  shift 193
	AMPERSAND  shift 194
	NOT  shift 195
	SELF  shift 153
	'('  shift 196
	.  error

	expr  goto 202
	Field  goto 198
	FieldID  goto 171
	FieldFunction  goto 199


state 148
	whileStmt : WHILE . expr DO Slist ENDWHILE  (51)

	ID  shift 189
	NUM  shift 190
	STRING  shift 191
	NULL_  shift 192
	MUL  shift 193
	AMPERSAND  shift 194
	NOT  shift 195
	SELF  shift 153
	'('  shift 196
	.  error

	expr  goto 203
	Field  goto 198
	FieldID  goto 171
	FieldFunction  goto 199


state 149
	doWhileStmt : DO . Slist WHILE expr ENDWHILE  (52)

	ID  shift 142
	READ  shift 143
	WRITE  shift 144
	MUL  shift 145
	BREAKPOINT  shift 146
	IF  shift 147
	WHILE  shift 148
	DO  shift 149
	BREAK  shift 150
	CONTINUE  shift 151
	SELF  shift 153
	.  error

	Slist  goto 204
	Stmt  goto 155
	inputStmt  goto 156
	outputStmt  goto 157
	assignStmt  goto 158
	ifStmt  goto 159
	whileStmt  goto 160
	doWhileStmt  goto 161
	breakStmt  goto 162
	continueStmt  goto 163
	breakPointStmt  goto 164
	Field  goto 166
	InitializeStmt  goto 167
	AllocStmt  goto 168
	FreeStmt  goto 169
	DynaMemID  goto 170
	FieldID  goto 171
	NewStmt  goto 172
	DynamicMemStmt  goto 173


state 150
	breakStmt : BREAK .  (53)

	.  reduce 53


state 151
	continueStmt : CONTINUE .  (54)

	.  reduce 54


state 152
	retStmt : RETURN . retVal ';'  (48)

	ID  shift 189
	NUM  shift 190
	STRING  shift 191
	NULL_  shift 192
	MUL  shift 193
	AMPERSAND  shift 194
	NOT  shift 195
	SELF  shift 153
	'('  shift 196
	.  error

	expr  goto 205
	retVal  goto 206
	Field  goto 198
	FieldID  goto 171
	FieldFunction  goto 199


state 153
	Field : SELF . '.' ID  (139)

	'.'  shift 207
	.  error


state 154
	Slist : Slist . Stmt ';'  (29)
	FBody : BEGIN_ Slist . retStmt END ';'  (104)

	ID  shift 142
	READ  shift 143
	WRITE  shift 144
	MUL  shift 145
	BREAKPOINT  shift 146
	IF  shift 147
	WHILE  shift 148
	DO  shift 149
	BREAK  shift 150
	CONTINUE  shift 151
	RETURN  shift 152
	SELF  shift 153
	.  error

	Stmt  goto 208
	inputStmt  goto 156
	outputStmt  goto 157
	assignStmt  goto 158
	ifStmt  goto 159
	whileStmt  goto 160
	doWhileStmt  goto 161
	breakStmt  goto 162
	continueStmt  goto 163
	breakPointStmt  goto 164
	retStmt  goto 209
	Field  goto 166
	InitializeStmt  goto 167
	AllocStmt  goto 168
	FreeStmt  goto 169
	DynaMemID  goto 170
	FieldID  goto 171
	NewStmt  goto 172
	DynamicMemStmt  goto 173


state 155
	Slist : Stmt . ';'  (30)

	';'  shift 210
	.  error


state 156
	Stmt : inputStmt .  (31)

	.  reduce 31


state 157
	Stmt : outputStmt .  (32)

	.  reduce 32


state 158
	Stmt : assignStmt .  (33)

	.  reduce 33


state 159
	Stmt : ifStmt .  (34)

	.  reduce 34


state 160
	Stmt : whileStmt .  (35)

	.  reduce 35


state 161
	Stmt : doWhileStmt .  (36)

	.  reduce 36


state 162
	Stmt : breakStmt .  (37)

	.  reduce 37


state 163
	Stmt : continueStmt .  (38)

	.  reduce 38


state 164
	Stmt : breakPointStmt .  (39)

	.  reduce 39


state 165
	FBody : BEGIN_ retStmt . END ';'  (105)

	END  shift 211
	.  error


state 166
	assignStmt : Field . '=' expr  (46)
	DynaMemID : Field . '='  (135)
	Field : Field . '.' ID  (137)

	'='  shift 212
	'.'  shift 213
	.  error


state 167
	DynamicMemStmt : InitializeStmt .  (127)

	.  reduce 127


state 168
	DynamicMemStmt : AllocStmt .  (125)

	.  reduce 125


state 169
	DynamicMemStmt : FreeStmt .  (126)

	.  reduce 126


state 170
	AllocStmt : DynaMemID . ALLOC '(' ')'  (129)
	FreeStmt : DynaMemID . FREE '(' expr ')'  (130)
	InitializeStmt : DynaMemID . INITIALIZE '(' ')'  (131)
	NewStmt : DynaMemID . NEW '(' ID ')'  (132)

	INITIALIZE  shift 214
	ALLOC  shift 215
	FREE  shift 216
	NEW  shift 217
	.  error


state 171
	Field : FieldID . '.' ID  (138)

	'.'  shift 218
	.  error


state 172
	DynamicMemStmt : NewStmt .  (128)

	.  reduce 128


state 173
	Stmt : DynamicMemStmt .  (40)

	.  reduce 40


state 174
	FDef : FuncSign '{' LDeclBlock FBody '}' .  (97)

	.  reduce 97


state 175
	FuncSign : FuncType FID '(' ParamList ')' .  (98)

	.  reduce 98


state 176
	MainBlock : MainFunc '(' ')' '{' LDeclBlock . MBody '}'  (122)

	BEGIN_  shift 219
	.  error

	MBody  goto 220


state 177
	ParamList : ParamList ',' Param .  (81)

	.  reduce 81


state 178
	FieldDecl : TypeName ID . ';'  (14)
	MethodDecl : TypeName ID . '(' ParamList ')' ';'  (27)

	'('  shift 221
	';'  shift 91
	.  error


state 179
	ClassMembers : DECL FieldDeclList MethodDeclList ENDDECL .  (22)

	.  reduce 22


state 180
	MethodDecl : TypeName . ID '(' ParamList ')' ';'  (27)

	ID  shift 222
	.  error


state 181
	MethodDeclList : MethodDeclList MethodDecl .  (25)

	.  reduce 25


state 182
	LID : ID '[' . NUM ']'  (120)

	NUM  shift 223
	.  error


state 183
	LID : MUL ID .  (121)

	.  reduce 121


state 184
	LDecl : LType TupleDecl LIDList . ';'  (112)
	LIDList : LIDList . ',' LID  (117)

	','  shift 185
	';'  shift 224
	.  error


state 185
	LIDList : LIDList ',' . LID  (117)

	ID  shift 135
	MUL  shift 136
	.  error

	LID  goto 225


state 186
	LDecl : LType LIDList ';' .  (111)

	.  reduce 111


state 187
	assignStmt : ID '=' . expr  (43)
	DynaMemID : ID '=' .  (133)

	ID  shift 189
	NUM  shift 190
	STRING  shift 191
	NULL_  shift 192
	MUL  shift 193
	AMPERSAND  shift 194
	NOT  shift 195
	SELF  shift 153
	'('  shift 196
	INITIALIZE  reduce 133
	ALLOC  reduce 133
	FREE  reduce 133
	NEW  reduce 133

	expr  goto 226
	Field  goto 198
	FieldID  goto 171
	FieldFunction  goto 199


state 188
	assignStmt : ID '[' . expr ']' '=' expr  (44)
	DynaMemID : ID '[' . expr ']' '='  (134)
	FieldID : ID '[' . expr ']'  (141)

	ID  shift 189
	NUM  shift 190
	STRING  shift 191
	NULL_  shift 192
	MUL  shift 193
	AMPERSAND  shift 194
	NOT  shift 195
	SELF  shift 153
	'('  shift 196
	.  error

	expr  goto 227
	Field  goto 198
	FieldID  goto 171
	FieldFunction  goto 199


state 189
	FieldID : ID .  (140)
	FieldID : ID . '[' expr ']'  (141)
	expr : ID . '(' ArgList ')'  (159)
	expr : ID . '[' expr ']'  (160)
	expr : ID .  (163)

	'('  shift 228
	'['  shift 229
	PLUS  reduce 163
	MINUS  reduce 163
	MUL  reduce 163
	DIV  reduce 163
	MOD  reduce 163
	THEN  reduce 163
	DO  reduce 163
	ENDWHILE  reduce 163
	AND  reduce 163
	OR  reduce 163
	','  reduce 163
	')'  reduce 163
	'.'  reduce 140
	EQ  reduce 163
	NEQ  reduce 163
	LT  reduce 163
	LTE  reduce 163
	GT  reduce 163
	GTE  reduce 163
	';'  reduce 163
	']'  reduce 163


state 190
	expr : NUM .  (164)

	.  reduce 164


state 191
	expr : STRING .  (165)

	.  reduce 165


state 192
	expr : NULL_ .  (166)

	.  reduce 166


state 193
	expr : MUL . ID  (162)

	ID  shift 230
	.  error


state 194
	expr : AMPERSAND . ID  (161)

	ID  shift 231
	.  error


state 195
	expr : NOT . expr  (155)

	ID  shift 189
	NUM  shift 190
	STRING  shift 191
	NULL_  shift 192
	MUL  shift 193
	AMPERSAND  shift 194
	NOT  shift 195
	SELF  shift 153
	'('  shift 196
	.  error

	expr  goto 232
	Field  goto 198
	FieldID  goto 171
	FieldFunction  goto 199


state 196
	expr : '(' . expr ')'  (156)

	ID  shift 189
	NUM  shift 190
	STRING  shift 191
	NULL_  shift 192
	MUL  shift 193
	AMPERSAND  shift 194
	NOT  shift 195
	SELF  shift 153
	'('  shift 196
	.  error

	expr  goto 233
	Field  goto 198
	FieldID  goto 171
	FieldFunction  goto 199


state 197
	inputStmt : READ expr .  (41)
	expr : expr . PLUS expr  (142)
	expr : expr . MINUS expr  (143)
	expr : expr . MUL expr  (144)
	expr : expr . DIV expr  (145)
	expr : expr . MOD expr  (146)
	expr : expr . EQ expr  (147)
	expr : expr . NEQ expr  (148)
	expr : expr . LT expr  (149)
	expr : expr . LTE expr  (150)
	expr : expr . GT expr  (151)
	expr : expr . GTE expr  (152)
	expr : expr . AND expr  (153)
	expr : expr . OR expr  (154)

	PLUS  shift 234
	MINUS  shift 235
	MUL  shift 236
	DIV  shift 237
	MOD  shift 238
	AND  shift 239
	OR  shift 240
	EQ  shift 241
	NEQ  shift 242
	LT  shift 243
	LTE  shift 244
	GT  shift 245
	GTE  shift 246
	';'  reduce 41


state 198
	FieldFunction : Field . '(' ArgList ')'  (136)
	Field : Field . '.' ID  (137)
	expr : Field .  (157)

	'.'  shift 213
	'('  shift 247
	PLUS  reduce 157
	MINUS  reduce 157
	MUL  reduce 157
	DIV  reduce 157
	MOD  reduce 157
	THEN  reduce 157
	DO  reduce 157
	ENDWHILE  reduce 157
	AND  reduce 157
	OR  reduce 157
	','  reduce 157
	')'  reduce 157
	EQ  reduce 157
	NEQ  reduce 157
	LT  reduce 157
	LTE  reduce 157
	GT  reduce 157
	GTE  reduce 157
	';'  reduce 157
	']'  reduce 157


state 199
	expr : FieldFunction .  (158)

	.  reduce 158


state 200
	outputStmt : WRITE expr .  (42)
	expr : expr . PLUS expr  (142)
	expr : expr . MINUS expr  (143)
	expr : expr . MUL expr  (144)
	expr : expr . DIV expr  (145)
	expr : expr . MOD expr  (146)
	expr : expr . EQ expr  (147)
	expr : expr . NEQ expr  (148)
	expr : expr . LT expr  (149)
	expr : expr . LTE expr  (150)
	expr : expr . GT expr  (151)
	expr : expr . GTE expr  (152)
	expr : expr . AND expr  (153)
	expr : expr . OR expr  (154)

	PLUS  shift 234
	MINUS  shift 235
	MUL  shift 236
	DIV  shift 237
	MOD  shift 238
	AND  shift 239
	OR  shift 240
	EQ  shift 241
	NEQ  shift 242
	LT  shift 243
	LTE  shift 244
	GT  shift 245
	GTE  shift 246
	';'  reduce 42


state 201
	assignStmt : MUL ID . '=' expr  (45)

	'='  shift 248
	.  error


state 202
	ifStmt : IF expr . THEN Slist ELSE Slist ENDIF  (49)
	ifStmt : IF expr . THEN Slist ENDIF  (50)
	expr : expr . PLUS expr  (142)
	expr : expr . MINUS expr  (143)
	expr : expr . MUL expr  (144)
	expr : expr . DIV expr  (145)
	expr : expr . MOD expr  (146)
	expr : expr . EQ expr  (147)
	expr : expr . NEQ expr  (148)
	expr : expr . LT expr  (149)
	expr : expr . LTE expr  (150)
	expr : expr . GT expr  (151)
	expr : expr . GTE expr  (152)
	expr : expr . AND expr  (153)
	expr : expr . OR expr  (154)

	PLUS  shift 234
	MINUS  shift 235
	MUL  shift 236
	DIV  shift 237
	MOD  shift 238
	THEN  shift 249
	AND  shift 239
	OR  shift 240
	EQ  shift 241
	NEQ  shift 242
	LT  shift 243
	LTE  shift 244
	GT  shift 245
	GTE  shift 246
	.  error


state 203
	whileStmt : WHILE expr . DO Slist ENDWHILE  (51)
	expr : expr . PLUS expr  (142)
	expr : expr . MINUS expr  (143)
	expr : expr . MUL expr  (144)
	expr : expr . DIV expr  (145)
	expr : expr . MOD expr  (146)
	expr : expr . EQ expr  (147)
	expr : expr . NEQ expr  (148)
	expr : expr . LT expr  (149)
	expr : expr . LTE expr  (150)
	expr : expr . GT expr  (151)
	expr : expr . GTE expr  (152)
	expr : expr . AND expr  (153)
	expr : expr . OR expr  (154)

	PLUS  shift 234
	MINUS  shift 235
	MUL  shift 236
	DIV  shift 237
	MOD  shift 238
	DO  shift 250
	AND  shift 239
	OR  shift 240
	EQ  shift 241
	NEQ  shift 242
	LT  shift 243
	LTE  shift 244
	GT  shift 245
	GTE  shift 246
	.  error


state 204
	Slist : Slist . Stmt ';'  (29)
	doWhileStmt : DO Slist . WHILE expr ENDWHILE  (52)

	ID  shift 142
	READ  shift 143
	WRITE  shift 144
	MUL  shift 145
	BREAKPOINT  shift 146
	IF  shift 147
	WHILE  shift 251
	DO  shift 149
	BREAK  shift 150
	CONTINUE  shift 151
	SELF  shift 153
	.  error

	Stmt  goto 208
	inputStmt  goto 156
	outputStmt  goto 157
	assignStmt  goto 158
	ifStmt  goto 159
	whileStmt  goto 160
	doWhileStmt  goto 161
	breakStmt  goto 162
	continueStmt  goto 163
	breakPointStmt  goto 164
	Field  goto 166
	InitializeStmt  goto 167
	AllocStmt  goto 168
	FreeStmt  goto 169
	DynaMemID  goto 170
	FieldID  goto 171
	NewStmt  goto 172
	DynamicMemStmt  goto 173


state 205
	retVal : expr .  (47)
	expr : expr . PLUS expr  (142)
	expr : expr . MINUS expr  (143)
	expr : expr . MUL expr  (144)
	expr : expr . DIV expr  (145)
	expr : expr . MOD expr  (146)
	expr : expr . EQ expr  (147)
	expr : expr . NEQ expr  (148)
	expr : expr . LT expr  (149)
	expr : expr . LTE expr  (150)
	expr : expr . GT expr  (151)
	expr : expr . GTE expr  (152)
	expr : expr . AND expr  (153)
	expr : expr . OR expr  (154)

	PLUS  shift 234
	MINUS  shift 235
	MUL  shift 236
	DIV  shift 237
	MOD  shift 238
	AND  shift 239
	OR  shift 240
	EQ  shift 241
	NEQ  shift 242
	LT  shift 243
	LTE  shift 244
	GT  shift 245
	GTE  shift 246
	';'  reduce 47


state 206
	retStmt : RETURN retVal . ';'  (48)

	';'  shift 252
	.  error


state 207
	Field : SELF '.' . ID  (139)

	ID  shift 253
	.  error


state 208
	Slist : Slist Stmt . ';'  (29)

	';'  shift 254
	.  error


state 209
	FBody : BEGIN_ Slist retStmt . END ';'  (104)

	END  shift 255
	.  error


state 210
	Slist : Stmt ';' .  (30)

	.  reduce 30


state 211
	FBody : BEGIN_ retStmt END . ';'  (105)

	';'  shift 256
	.  error


state 212
	assignStmt : Field '=' . expr  (46)
	DynaMemID : Field '=' .  (135)

	ID  shift 189
	NUM  shift 190
	STRING  shift 191
	NULL_  shift 192
	MUL  shift 193
	AMPERSAND  shift 194
	NOT  shift 195
	SELF  shift 153
	'('  shift 196
	INITIALIZE  reduce 135
	ALLOC  reduce 135
	FREE  reduce 135
	NEW  reduce 135

	expr  goto 257
	Field  goto 198
	FieldID  goto 171
	FieldFunction  goto 199


state 213
	Field : Field '.' . ID  (137)

	ID  shift 258
	.  error


state 214
	InitializeStmt : DynaMemID INITIALIZE . '(' ')'  (131)

	'('  shift 259
	.  error


state 215
	AllocStmt : DynaMemID ALLOC . '(' ')'  (129)

	'('  shift 260
	.  error


state 216
	FreeStmt : DynaMemID FREE . '(' expr ')'  (130)

	'('  shift 261
	.  error


state 217
	NewStmt : DynaMemID NEW . '(' ID ')'  (132)

	'('  shift 262
	.  error


state 218
	Field : FieldID '.' . ID  (138)

	ID  shift 263
	.  error


state 219
	MBody : BEGIN_ . Slist retStmt END ';'  (124)

	ID  shift 142
	READ  shift 143
	WRITE  shift 144
	MUL  shift 145
	BREAKPOINT  shift 146
	IF  shift 147
	WHILE  shift 148
	DO  shift 149
	BREAK  shift 150
	CONTINUE  shift 151
	SELF  shift 153
	.  error

	Slist  goto 264
	Stmt  goto 155
	inputStmt  goto 156
	outputStmt  goto 157
	assignStmt  goto 158
	ifStmt  goto 159
	whileStmt  goto 160
	doWhileStmt  goto 161
	breakStmt  goto 162
	continueStmt  goto 163
	breakPointStmt  goto 164
	Field  goto 166
	InitializeStmt  goto 167
	AllocStmt  goto 168
	FreeStmt  goto 169
	DynaMemID  goto 170
	FieldID  goto 171
	NewStmt  goto 172
	DynamicMemStmt  goto 173


state 220
	MainBlock : MainFunc '(' ')' '{' LDeclBlock MBody . '}'  (122)

	'}'  shift 265
	.  error


state 221
	MethodDecl : TypeName ID '(' . ParamList ')' ';'  (27)
	ParamList : .  (83)

	ID  shift 92
	INT  shift 93
	STR  shift 94
	','  reduce 83
	')'  reduce 83

	ParamList  goto 266
	Param  goto 96
	ParamType  goto 97


state 222
	MethodDecl : TypeName ID . '(' ParamList ')' ';'  (27)

	'('  shift 221
	.  error


state 223
	LID : ID '[' NUM . ']'  (120)

	']'  shift 267
	.  error


state 224
	LDecl : LType TupleDecl LIDList ';' .  (112)

	.  reduce 112


state 225
	LIDList : LIDList ',' LID .  (117)

	.  reduce 117


state 226
	assignStmt : ID '=' expr .  (43)
	expr : expr . PLUS expr  (142)
	expr : expr . MINUS expr  (143)
	expr : expr . MUL expr  (144)
	expr : expr . DIV expr  (145)
	expr : expr . MOD expr  (146)
	expr : expr . EQ expr  (147)
	expr : expr . NEQ expr  (148)
	expr : expr . LT expr  (149)
	expr : expr . LTE expr  (150)
	expr : expr . GT expr  (151)
	expr : expr . GTE expr  (152)
	expr : expr . AND expr  (153)
	expr : expr . OR expr  (154)

	PLUS  shift 234
	MINUS  shift 235
	MUL  shift 236
	DIV  shift 237
	MOD  shift 238
	AND  shift 239
	OR  shift 240
	EQ  shift 241
	NEQ  shift 242
	LT  shift 243
	LTE  shift 244
	GT  shift 245
	GTE  shift 246
	';'  reduce 43


state 227
	assignStmt : ID '[' expr . ']' '=' expr  (44)
	DynaMemID : ID '[' expr . ']' '='  (134)
	FieldID : ID '[' expr . ']'  (141)
	expr : expr . PLUS expr  (142)
	expr : expr . MINUS expr  (143)
	expr : expr . MUL expr  (144)
	expr : expr . DIV expr  (145)
	expr : expr . MOD expr  (146)
	expr : expr . EQ expr  (147)
	expr : expr . NEQ expr  (148)
	expr : expr . LT expr  (149)
	expr : expr . LTE expr  (150)
	expr : expr . GT expr  (151)
	expr : expr . GTE expr  (152)
	expr : expr . AND expr  (153)
	expr : expr . OR expr  (154)

	PLUS  shift 234
	MINUS  shift 235
	MUL  shift 236
	DIV  shift 237
	MOD  shift 238
	AND  shift 239
	OR  shift 240
	EQ  shift 241
	NEQ  shift 242
	LT  shift 243
	LTE  shift 244
	GT  shift 245
	GTE  shift 246
	']'  shift 268
	.  error


state 228
	expr : ID '(' . ArgList ')'  (159)
	ArgList : .  (92)

	ID  shift 189
	NUM  shift 190
	STRING  shift 191
	NULL_  shift 192
	MUL  shift 193
	AMPERSAND  shift 194
	NOT  shift 195
	SELF  shift 153
	'('  shift 196
	','  reduce 92
	')'  reduce 92

	expr  goto 269
	Arg  goto 270
	ArgList  goto 271
	Field  goto 198
	FieldID  goto 171
	FieldFunction  goto 199


state 229
	FieldID : ID '[' . expr ']'  (141)
	expr : ID '[' . expr ']'  (160)

	ID  shift 189
	NUM  shift 190
	STRING  shift 191
	NULL_  shift 192
	MUL  shift 193
	AMPERSAND  shift 194
	NOT  shift 195
	SELF  shift 153
	'('  shift 196
	.  error

	expr  goto 272
	Field  goto 198
	FieldID  goto 171
	FieldFunction  goto 199


state 230
	expr : MUL ID .  (162)

	.  reduce 162


state 231
	expr : AMPERSAND ID .  (161)

	.  reduce 161


state 232
	expr : expr . PLUS expr  (142)
	expr : expr . MINUS expr  (143)
	expr : expr . MUL expr  (144)
	expr : expr . DIV expr  (145)
	expr : expr . MOD expr  (146)
	expr : expr . EQ expr  (147)
	expr : expr . NEQ expr  (148)
	expr : expr . LT expr  (149)
	expr : expr . LTE expr  (150)
	expr : expr . GT expr  (151)
	expr : expr . GTE expr  (152)
	expr : expr . AND expr  (153)
	expr : expr . OR expr  (154)
	expr : NOT expr .  (155)

	.  reduce 155


state 233
	expr : expr . PLUS expr  (142)
	expr : expr . MINUS expr  (143)
	expr : expr . MUL expr  (144)
	expr : expr . DIV expr  (145)
	expr : expr . MOD expr  (146)
	expr : expr . EQ expr  (147)
	expr : expr . NEQ expr  (148)
	expr : expr . LT expr  (149)
	expr : expr . LTE expr  (150)
	expr : expr . GT expr  (151)
	expr : expr . GTE expr  (152)
	expr : expr . AND expr  (153)
	expr : expr . OR expr  (154)
	expr : '(' expr . ')'  (156)

	PLUS  shift 234
	MINUS  shift 235
	MUL  shift 236
	DIV  shift 237
	MOD  shift 238
	AND  shift 239
	OR  shift 240
	')'  shift 273
	EQ  shift 241
	NEQ  shift 242
	LT  shift 243
	LTE  shift 244
	GT  shift 245
	GTE  shift 246
	.  error


state 234
	expr : expr PLUS . expr  (142)

	ID  shift 189
	NUM  shift 190
	STRING  shift 191
	NULL_  shift 192
	MUL  shift 193
	AMPERSAND  shift 194
	NOT  shift 195
	SELF  shift 153
	'('  shift 196
	.  error

	expr  goto 274
	Field  goto 198
	FieldID  goto 171
	FieldFunction  goto 199


state 235
	expr : expr MINUS . expr  (143)

	ID  shift 189
	NUM  shift 190
	STRING  shift 191
	NULL_  shift 192
	MUL  shift 193
	AMPERSAND  shift 194
	NOT  shift 195
	SELF  shift 153
	'('  shift 196
	.  error

	expr  goto 275
	Field  goto 198
	FieldID  goto 171
	FieldFunction  goto 199


state 236
	expr : expr MUL . expr  (144)

	ID  shift 189
	NUM  shift 190
	STRING  shift 191
	NULL_  shift 192
	MUL  shift 193
	AMPERSAND  shift 194
	NOT  shift 195
	SELF  shift 153
	'('  shift 196
	.  error

	expr  goto 276
	Field  goto 198
	FieldID  goto 171
	FieldFunction  goto 199


state 237
	expr : expr DIV . expr  (145)

	ID  shift 189
	NUM  shift 190
	STRING  shift 191
	NULL_  shift 192
	MUL  shift 193
	AMPERSAND  shift 194
	NOT  shift 195
	SELF  shift 153
	'('  shift 196
	.  error

	expr  goto 277
	Field  goto 198
	FieldID  goto 171
	FieldFunction  goto 199


state 238
	expr : expr MOD . expr  (146)

	ID  shift 189
	NUM  shift 190
	STRING  shift 191
	NULL_  shift 192
	MUL  shift 193
	AMPERSAND  shift 194
	NOT  shift 195
	SELF  shift 153
	'('  shift 196
	.  error

	expr  goto 278
	Field  goto 198
	FieldID  goto 171
	FieldFunction  goto 199


state 239
	expr : expr AND . expr  (153)

	ID  shift 189
	NUM  shift 190
	STRING  shift 191
	NULL_  shift 192
	MUL  shift 193
	AMPERSAND  shift 194
	NOT  shift 195
	SELF  shift 153
	'('  shift 196
	.  error

	expr  goto 279
	Field  goto 198
	FieldID  goto 171
	FieldFunction  goto 199


state 240
	expr : expr OR . expr  (154)

	ID  shift 189
	NUM  shift 190
	STRING  shift 191
	NULL_  shift 192
	MUL  shift 193
	AMPERSAND  shift 194
	NOT  shift 195
	SELF  shift 153
	'('  shift 196
	.  error

	expr  goto 280
	Field  goto 198
	FieldID  goto 171
	FieldFunction  goto 199


state 241
	expr : expr EQ . expr  (147)

	ID  shift 189
	NUM  shift 190
	STRING  shift 191
	NULL_  shift 192
	MUL  shift 193
	AMPERSAND  shift 194
	NOT  shift 195
	SELF  shift 153
	'('  shift 196
	.  error

	expr  goto 281
	Field  goto 198
	FieldID  goto 171
	FieldFunction  goto 199


state 242
	expr : expr NEQ . expr  (148)

	ID  shift 189
	NUM  shift 190
	STRING  shift 191
	NULL_  shift 192
	MUL  shift 193
	AMPERSAND  shift 194
	NOT  shift 195
	SELF  shift 153
	'('  shift 196
	.  error

	expr  goto 282
	Field  goto 198
	FieldID  goto 171
	FieldFunction  goto 199


state 243
	expr : expr LT . expr  (149)

	ID  shift 189
	NUM  shift 190
	STRING  shift 191
	NULL_  shift 192
	MUL  shift 193
	AMPERSAND  shift 194
	NOT  shift 195
	SELF  shift 153
	'('  shift 196
	.  error

	expr  goto 283
	Field  goto 198
	FieldID  goto 171
	FieldFunction  goto 199


state 244
	expr : expr LTE . expr  (150)

	ID  shift 189
	NUM  shift 190
	STRING  shift 191
	NULL_  shift 192
	MUL  shift 193
	AMPERSAND  shift 194
	NOT  shift 195
	SELF  shift 153
	'('  shift 196
	.  error

	expr  goto 284
	Field  goto 198
	FieldID  goto 171
	FieldFunction  goto 199


state 245
	expr : expr GT . expr  (151)

	ID  shift 189
	NUM  shift 190
	STRING  shift 191
	NULL_  shift 192
	MUL  shift 193
	AMPERSAND  shift 194
	NOT  shift 195
	SELF  shift 153
	'('  shift 196
	.  error

	expr  goto 285
	Field  goto 198
	FieldID  goto 171
	FieldFunction  goto 199


state 246
	expr : expr GTE . expr  (152)

	ID  shift 189
	NUM  shift 190
	STRING  shift 191
	NULL_  shift 192
	MUL  shift 193
	AMPERSAND  shift 194
	NOT  shift 195
	SELF  shift 153
	'('  shift 196
	.  error

	expr  goto 286
	Field  goto 198
	FieldID  goto 171
	FieldFunction  goto 199


state 247
	FieldFunction : Field '(' . ArgList ')'  (136)
	ArgList : .  (92)

	ID  shift 189
	NUM  shift 190
	STRING  shift 191
	NULL_  shift 192
	MUL  shift 193
	AMPERSAND  shift 194
	NOT  shift 195
	SELF  shift 153
	'('  shift 196
	','  reduce 92
	')'  reduce 92

	expr  goto 269
	Arg  goto 270
	ArgList  goto 287
	Field  goto 198
	FieldID  goto 171
	FieldFunction  goto 199


state 248
	assignStmt : MUL ID '=' . expr  (45)

	ID  shift 189
	NUM  shift 190
	STRING  shift 191
	NULL_  shift 192
	MUL  shift 193
	AMPERSAND  shift 194
	NOT  shift 195
	SELF  shift 153
	'('  shift 196
	.  error

	expr  goto 288
	Field  goto 198
	FieldID  goto 171
	FieldFunction  goto 199


state 249
	ifStmt : IF expr THEN . Slist ELSE Slist ENDIF  (49)
	ifStmt : IF expr THEN . Slist ENDIF  (50)

	ID  shift 142
	READ  shift 143
	WRITE  shift 144
	MUL  shift 145
	BREAKPOINT  shift 146
	IF  shift 147
	WHILE  shift 148
	DO  shift 149
	BREAK  shift 150
	CONTINUE  shift 151
	SELF  shift 153
	.  error

	Slist  goto 289
	Stmt  goto 155
	inputStmt  goto 156
	outputStmt  goto 157
	assignStmt  goto 158
	ifStmt  goto 159
	whileStmt  goto 160
	doWhileStmt  goto 161
	breakStmt  goto 162
	continueStmt  goto 163
	breakPointStmt  goto 164
	Field  goto 166
	InitializeStmt  goto 167
	AllocStmt  goto 168
	FreeStmt  goto 169
	DynaMemID  goto 170
	FieldID  goto 171
	NewStmt  goto 172
	DynamicMemStmt  goto 173


state 250
	whileStmt : WHILE expr DO . Slist ENDWHILE  (51)

	ID  shift 142
	READ  shift 143
	WRITE  shift 144
	MUL  shift 145
	BREAKPOINT  shift 146
	IF  shift 147
	WHILE  shift 148
	DO  shift 149
	BREAK  shift 150
	CONTINUE  shift 151
	SELF  shift 153
	.  error

	Slist  goto 290
	Stmt  goto 155
	inputStmt  goto 156
	outputStmt  goto 157
	assignStmt  goto 158
	ifStmt  goto 159
	whileStmt  goto 160
	doWhileStmt  goto 161
	breakStmt  goto 162
	continueStmt  goto 163
	breakPointStmt  goto 164
	Field  goto 166
	InitializeStmt  goto 167
	AllocStmt  goto 168
	FreeStmt  goto 169
	DynaMemID  goto 170
	FieldID  goto 171
	NewStmt  goto 172
	DynamicMemStmt  goto 173


state 251
	whileStmt : WHILE . expr DO Slist ENDWHILE  (51)
	doWhileStmt : DO Slist WHILE . expr ENDWHILE  (52)

	ID  shift 189
	NUM  shift 190
	STRING  shift 191
	NULL_  shift 192
	MUL  shift 193
	AMPERSAND  shift 194
	NOT  shift 195
	SELF  shift 153
	'('  shift 196
	.  error

	expr  goto 291
	Field  goto 198
	FieldID  goto 171
	FieldFunction  goto 199


state 252
	retStmt : RETURN retVal ';' .  (48)

	.  reduce 48


state 253
	Field : SELF '.' ID .  (139)

	.  reduce 139


state 254
	Slist : Slist Stmt ';' .  (29)

	.  reduce 29


state 255
	FBody : BEGIN_ Slist retStmt END . ';'  (104)

	';'  shift 292
	.  error


state 256
	FBody : BEGIN_ retStmt END ';' .  (105)

	.  reduce 105


state 257
	assignStmt : Field '=' expr .  (46)
	expr : expr . PLUS expr  (142)
	expr : expr . MINUS expr  (143)
	expr : expr . MUL expr  (144)
	expr : expr . DIV expr  (145)
	expr : expr . MOD expr  (146)
	expr : expr . EQ expr  (147)
	expr : expr . NEQ expr  (148)
	expr : expr . LT expr  (149)
	expr : expr . LTE expr  (150)
	expr : expr . GT expr  (151)
	expr : expr . GTE expr  (152)
	expr : expr . AND expr  (153)
	expr : expr . OR expr  (154)

	PLUS  shift 234
	MINUS  shift 235
	MUL  shift 236
	DIV  shift 237
	MOD  shift 238
	AND  shift 239
	OR  shift 240
	EQ  shift 241
	NEQ  shift 242
	LT  shift 243
	LTE  shift 244
	GT  shift 245
	GTE  shift 246
	';'  reduce 46


state 258
	Field : Field '.' ID .  (137)

	.  reduce 137


state 259
	InitializeStmt : DynaMemID INITIALIZE '(' . ')'  (131)

	')'  shift 293
	.  error


state 260
	AllocStmt : DynaMemID ALLOC '(' . ')'  (129)

	')'  shift 294
	.  error


state 261
	FreeStmt : DynaMemID FREE '(' . expr ')'  (130)

	ID  shift 189
	NUM  shift 190
	STRING  shift 191
	NULL_  shift 192
	MUL  shift 193
	AMPERSAND  shift 194
	NOT  shift 195
	SELF  shift 153
	'('  shift 196
	.  error

	expr  goto 295
	Field  goto 198
	FieldID  goto 171
	FieldFunction  goto 199


state 262
	NewStmt : DynaMemID NEW '(' . ID ')'  (132)

	ID  shift 296
	.  error


state 263
	Field : FieldID '.' ID .  (138)

	.  reduce 138


state 264
	Slist : Slist . Stmt ';'  (29)
	MBody : BEGIN_ Slist . retStmt END ';'  (124)

	ID  shift 142
	READ  shift 143
	WRITE  shift 144
	MUL  shift 145
	BREAKPOINT  shift 146
	IF  shift 147
	WHILE  shift 148
	DO  shift 149
	BREAK  shift 150
	CONTINUE  shift 151
	RETURN  shift 152
	SELF  shift 153
	.  error

	Stmt  goto 208
	inputStmt  goto 156
	outputStmt  goto 157
	assignStmt  goto 158
	ifStmt  goto 159
	whileStmt  goto 160
	doWhileStmt  goto 161
	breakStmt  goto 162
	continueStmt  goto 163
	breakPointStmt  goto 164
	retStmt  goto 297
	Field  goto 166
	InitializeStmt  goto 167
	AllocStmt  goto 168
	FreeStmt  goto 169
	DynaMemID  goto 170
	FieldID  goto 171
	NewStmt  goto 172
	DynamicMemStmt  goto 173


state 265
	MainBlock : MainFunc '(' ')' '{' LDeclBlock MBody '}' .  (122)

	.  reduce 122


state 266
	MethodDecl : TypeName ID '(' ParamList . ')' ';'  (27)
	ParamList : ParamList . ',' Param  (81)

	','  shift 124
	')'  shift 298
	.  error


state 267
	LID : ID '[' NUM ']' .  (120)

	.  reduce 120


state 268
	assignStmt : ID '[' expr ']' . '=' expr  (44)
	DynaMemID : ID '[' expr ']' . '='  (134)
	FieldID : ID '[' expr ']' .  (141)

	'='  shift 299
	'.'  reduce 141


state 269
	Arg : expr .  (93)
	expr : expr . PLUS expr  (142)
	expr : expr . MINUS expr  (143)
	expr : expr . MUL expr  (144)
	expr : expr . DIV expr  (145)
	expr : expr . MOD expr  (146)
	expr : expr . EQ expr  (147)
	expr : expr . NEQ expr  (148)
	expr : expr . LT expr  (149)
	expr : expr . LTE expr  (150)
	expr : expr . GT expr  (151)
	expr : expr . GTE expr  (152)
	expr : expr . AND expr  (153)
	expr : expr . OR expr  (154)

	PLUS  shift 234
	MINUS  shift 235
	MUL  shift 236
	DIV  shift 237
	MOD  shift 238
	AND  shift 239
	OR  shift 240
	EQ  shift 241
	NEQ  shift 242
	LT  shift 243
	LTE  shift 244
	GT  shift 245
	GTE  shift 246
	','  reduce 93
	')'  reduce 93


state 270
	ArgList : Arg .  (91)

	.  reduce 91


state 271
	ArgList : ArgList . ',' Arg  (90)
	expr : ID '(' ArgList . ')'  (159)

	','  shift 300
	')'  shift 301
	.  error


state 272
	FieldID : ID '[' expr . ']'  (141)
	expr : expr . PLUS expr  (142)
	expr : expr . MINUS expr  (143)
	expr : expr . MUL expr  (144)
	expr : expr . DIV expr  (145)
	expr : expr . MOD expr  (146)
	expr : expr . EQ expr  (147)
	expr : expr . NEQ expr  (148)
	expr : expr . LT expr  (149)
	expr : expr . LTE expr  (150)
	expr : expr . GT expr  (151)
	expr : expr . GTE expr  (152)
	expr : expr . AND expr  (153)
	expr : expr . OR expr  (154)
	expr : ID '[' expr . ']'  (160)

	PLUS  shift 234
	MINUS  shift 235
	MUL  shift 236
	DIV  shift 237
	MOD  shift 238
	AND  shift 239
	OR  shift 240
	EQ  shift 241
	NEQ  shift 242
	LT  shift 243
	LTE  shift 244
	GT  shift 245
	GTE  shift 246
	']'  shift 302
	.  error


state 273
	expr : '(' expr ')' .  (156)

	.  reduce 156


state 274
	expr : expr . PLUS expr  (142)
	expr : expr PLUS expr .  (142)
	expr : expr . MINUS expr  (143)
	expr : expr . MUL expr  (144)
	expr : expr . DIV expr  (145)
	expr : expr . MOD expr  (146)
	expr : expr . EQ expr  (147)
	expr : expr . NEQ expr  (148)
	expr : expr . LT expr  (149)
	expr : expr . LTE expr  (150)
	expr : expr . GT expr  (151)
	expr : expr . GTE expr  (152)
	expr : expr . AND expr  (153)
	expr : expr . OR expr  (154)

	MUL  shift 236
	DIV  shift 237
	MOD  shift 238
	PLUS  reduce 142
	MINUS  reduce 142
	THEN  reduce 142
	DO  reduce 142
	ENDWHILE  reduce 142
	AND  reduce 142
	OR  reduce 142
	','  reduce 142
	')'  reduce 142
	EQ  reduce 142
	NEQ  reduce 142
	LT  reduce 142
	LTE  reduce 142
	GT  reduce 142
	GTE  reduce 142
	';'  reduce 142
	']'  reduce 142


state 275
	expr : expr . PLUS expr  (142)
	expr : expr . MINUS expr  (143)
	expr : expr MINUS expr .  (143)
	expr : expr . MUL expr  (144)
	expr : expr . DIV expr  (145)
	expr : expr . MOD expr  (146)
	expr : expr . EQ expr  (147)
	expr : expr . NEQ expr  (148)
	expr : expr . LT expr  (149)
	expr : expr . LTE expr  (150)
	expr : expr . GT expr  (151)
	expr : expr . GTE expr  (152)
	expr : expr . AND expr  (153)
	expr : expr . OR expr  (154)

	MUL  shift 236
	DIV  shift 237
	MOD  shift 238
	PLUS  reduce 143
	MINUS  reduce 143
	THEN  reduce 143
	DO  reduce 143
	ENDWHILE  reduce 143
	AND  reduce 143
	OR  reduce 143
	','  reduce 143
	')'  reduce 143
	EQ  reduce 143
	NEQ  reduce 143
	LT  reduce 143
	LTE  reduce 143
	GT  reduce 143
	GTE  reduce 143
	';'  reduce 143
	']'  reduce 143


state 276
	expr : expr . PLUS expr  (142)
	expr : expr . MINUS expr  (143)
	expr : expr . MUL expr  (144)
	expr : expr MUL expr .  (144)
	expr : expr . DIV expr  (145)
	expr : expr . MOD expr  (146)
	expr : expr . EQ expr  (147)
	expr : expr . NEQ expr  (148)
	expr : expr . LT expr  (149)
	expr : expr . LTE expr  (150)
	expr : expr . GT expr  (151)
	expr : expr . GTE expr  (152)
	expr : expr . AND expr  (153)
	expr : expr . OR expr  (154)

	.  reduce 144


state 277
	expr : expr . PLUS expr  (142)
	expr : expr . MINUS expr  (143)
	expr : expr . MUL expr  (144)
	expr : expr . DIV expr  (145)
	expr : expr DIV expr .  (145)
	expr : expr . MOD expr  (146)
	expr : expr . EQ expr  (147)
	expr : expr . NEQ expr  (148)
	expr : expr . LT expr  (149)
	expr : expr . LTE expr  (150)
	expr : expr . GT expr  (151)
	expr : expr . GTE expr  (152)
	expr : expr . AND expr  (153)
	expr : expr . OR expr  (154)

	.  reduce 145


state 278
	expr : expr . PLUS expr  (142)
	expr : expr . MINUS expr  (143)
	expr : expr . MUL expr  (144)
	expr : expr . DIV expr  (145)
	expr : expr . MOD expr  (146)
	expr : expr MOD expr .  (146)
	expr : expr . EQ expr  (147)
	expr : expr . NEQ expr  (148)
	expr : expr . LT expr  (149)
	expr : expr . LTE expr  (150)
	expr : expr . GT expr  (151)
	expr : expr . GTE expr  (152)
	expr : expr . AND expr  (153)
	expr : expr . OR expr  (154)

	.  reduce 146


state 279
	expr : expr . PLUS expr  (142)
	expr : expr . MINUS expr  (143)
	expr : expr . MUL expr  (144)
	expr : expr . DIV expr  (145)
	expr : expr . MOD expr  (146)
	expr : expr . EQ expr  (147)
	expr : expr . NEQ expr  (148)
	expr : expr . LT expr  (149)
	expr : expr . LTE expr  (150)
	expr : expr . GT expr  (151)
	expr : expr . GTE expr  (152)
	expr : expr . AND expr  (153)
	expr : expr AND expr .  (153)
	expr : expr . OR expr  (154)

	PLUS  shift 234
	MINUS  shift 235
	MUL  shift 236
	DIV  shift 237
	MOD  shift 238
	EQ  shift 241
	NEQ  shift 242
	LT  shift 243
	LTE  shift 244
	GT  shift 245
	GTE  shift 246
	THEN  reduce 153
	DO  reduce 153
	ENDWHILE  reduce 153
	AND  reduce 153
	OR  reduce 153
	','  reduce 153
	')'  reduce 153
	';'  reduce 153
	']'  reduce 153


state 280
	expr : expr . PLUS expr  (142)
	expr : expr . MINUS expr  (143)
	expr : expr . MUL expr  (144)
	expr : expr . DIV expr  (145)
	expr : expr . MOD expr  (146)
	expr : expr . EQ expr  (147)
	expr : expr . NEQ expr  (148)
	expr : expr . LT expr  (149)
	expr : expr . LTE expr  (150)
	expr : expr . GT expr  (151)
	expr : expr . GTE expr  (152)
	expr : expr . AND expr  (153)
	expr : expr . OR expr  (154)
	expr : expr OR expr .  (154)

	PLUS  shift 234
	MINUS  shift 235
	MUL  shift 236
	DIV  shift 237
	MOD  shift 238
	AND  shift 239
	EQ  shift 241
	NEQ  shift 242
	LT  shift 243
	LTE  shift 244
	GT  shift 245
	GTE  shift 246
	THEN  reduce 154
	DO  reduce 154
	ENDWHILE  reduce 154
	OR  reduce 154
	','  reduce 154
	')'  reduce 154
	';'  reduce 154
	']'  reduce 154


state 281
	expr : expr . PLUS expr  (142)
	expr : expr . MINUS expr  (143)
	expr : expr . MUL expr  (144)
	expr : expr . DIV expr  (145)
	expr : expr . MOD expr  (146)
	expr : expr . EQ expr  (147)
	expr : expr EQ expr .  (147)
	expr : expr . NEQ expr  (148)
	expr : expr . LT expr  (149)
	expr : expr . LTE expr  (150)
	expr : expr . GT expr  (151)
	expr : expr . GTE expr  (152)
	expr : expr . AND expr  (153)
	expr : expr . OR expr  (154)

	PLUS  shift 234
	MINUS  shift 235
	MUL  shift 236
	DIV  shift 237
	MOD  shift 238
	LT  shift 243
	LTE  shift 244
	GT  shift 245
	GTE  shift 246
	THEN  reduce 147
	DO  reduce 147
	ENDWHILE  reduce 147
	AND  reduce 147
	OR  reduce 147
	','  reduce 147
	')'  reduce 147
	EQ  reduce 147
	NEQ  reduce 147
	';'  reduce 147
	']'  reduce 147


state 282
	expr : expr . PLUS expr  (142)
	expr : expr . MINUS expr  (143)
	expr : expr . MUL expr  (144)
	expr : expr . DIV expr  (145)
	expr : expr . MOD expr  (146)
	expr : expr . EQ expr  (147)
	expr : expr . NEQ expr  (148)
	expr : expr NEQ expr .  (148)
	expr : expr . LT expr  (149)
	expr : expr . LTE expr  (150)
	expr : expr . GT expr  (151)
	expr : expr . GTE expr  (152)
	expr : expr . AND expr  (153)
	expr : expr . OR expr  (154)

	PLUS  shift 234
	MINUS  shift 235
	MUL  shift 236
	DIV  shift 237
	MOD  shift 238
	LT  shift 243
	LTE  shift 244
	GT  shift 245
	GTE  shift 246
	THEN  reduce 148
	DO  reduce 148
	ENDWHILE  reduce 148
	AND  reduce 148
	OR  reduce 148
	','  reduce 148
	')'  reduce 148
	EQ  reduce 148
	NEQ  reduce 148
	';'  reduce 148
	']'  reduce 148


state 283
	expr : expr . PLUS expr  (142)
	expr : expr . MINUS expr  (143)
	expr : expr . MUL expr  (144)
	expr : expr . DIV expr  (145)
	expr : expr . MOD expr  (146)
	expr : expr . EQ expr  (147)
	expr : expr . NEQ expr  (148)
	expr : expr . LT expr  (149)
	expr : expr LT expr .  (149)
	expr : expr . LTE expr  (150)
	expr : expr . GT expr  (151)
	expr : expr . GTE expr  (152)
	expr : expr . AND expr  (153)
	expr : expr . OR expr  (154)

	PLUS  shift 234
	MINUS  shift 235
	MUL  shift 236
	DIV  shift 237
	MOD  shift 238
	THEN  reduce 149
	DO  reduce 149
	ENDWHILE  reduce 149
	AND  reduce 149
	OR  reduce 149
	','  reduce 149
	')'  reduce 149
	EQ  reduce 149
	NEQ  reduce 149
	LT  reduce 149
	LTE  reduce 149
	GT  reduce 149
	GTE  reduce 149
	';'  reduce 149
	']'  reduce 149


state 284
	expr : expr . PLUS expr  (142)
	expr : expr . MINUS expr  (143)
	expr : expr . MUL expr  (144)
	expr : expr . DIV expr  (145)
	expr : expr . MOD expr  (146)
	expr : expr . EQ expr  (147)
	expr : expr . NEQ expr  (148)
	expr : expr . LT expr  (149)
	expr : expr . LTE expr  (150)
	expr : expr LTE expr .  (150)
	expr : expr . GT expr  (151)
	expr : expr . GTE expr  (152)
	expr : expr . AND expr  (153)
	expr : expr . OR expr  (154)

	PLUS  shift 234
	MINUS  shift 235
	MUL  shift 236
	DIV  shift 237
	MOD  shift 238
	THEN  reduce 150
	DO  reduce 150
	ENDWHILE  reduce 150
	AND  reduce 150
	OR  reduce 150
	','  reduce 150
	')'  reduce 150
	EQ  reduce 150
	NEQ  reduce 150
	LT  reduce 150
	LTE  reduce 150
	GT  reduce 150
	GTE  reduce 150
	';'  reduce 150
	']'  reduce 150


state 285
	expr : expr . PLUS expr  (142)
	expr : expr . MINUS expr  (143)
	expr : expr . MUL expr  (144)
	expr : expr . DIV expr  (145)
	expr : expr . MOD expr  (146)
	expr : expr . EQ expr  (147)
	expr : expr . NEQ expr  (148)
	expr : expr . LT expr  (149)
	expr : expr . LTE expr  (150)
	expr : expr . GT expr  (151)
	expr : expr GT expr .  (151)
	expr : expr . GTE expr  (152)
	expr : expr . AND expr  (153)
	expr : expr . OR expr  (154)

	PLUS  shift 234
	MINUS  shift 235
	MUL  shift 236
	DIV  shift 237
	MOD  shift 238
	THEN  reduce 151
	DO  reduce 151
	ENDWHILE  reduce 151
	AND  reduce 151
	OR  reduce 151
	','  reduce 151
	')'  reduce 151
	EQ  reduce 151
	NEQ  reduce 151
	LT  reduce 151
	LTE  reduce 151
	GT  reduce 151
	GTE  reduce 151
	';'  reduce 151
	']'  reduce 151


state 286
	expr : expr . PLUS expr  (142)
	expr : expr . MINUS expr  (143)
	expr : expr . MUL expr  (144)
	expr : expr . DIV expr  (145)
	expr : expr . MOD expr  (146)
	expr : expr . EQ expr  (147)
	expr : expr . NEQ expr  (148)
	expr : expr . LT expr  (149)
	expr : expr . LTE expr  (150)
	expr : expr . GT expr  (151)
	expr : expr . GTE expr  (152)
	expr : expr GTE expr .  (152)
	expr : expr . AND expr  (153)
	expr : expr . OR expr  (154)

	PLUS  shift 234
	MINUS  shift 235
	MUL  shift 236
	DIV  shift 237
	MOD  shift 238
	THEN  reduce 152
	DO  reduce 152
	ENDWHILE  reduce 152
	AND  reduce 152
	OR  reduce 152
	','  reduce 152
	')'  reduce 152
	EQ  reduce 152
	NEQ  reduce 152
	LT  reduce 152
	LTE  reduce 152
	GT  reduce 152
	GTE  reduce 152
	';'  reduce 152
	']'  reduce 152


state 287
	ArgList : ArgList . ',' Arg  (90)
	FieldFunction : Field '(' ArgList . ')'  (136)

	','  shift 300
	')'  shift 303
	.  error


state 288
	assignStmt : MUL ID '=' expr .  (45)
	expr : expr . PLUS expr  (142)
	expr : expr . MINUS expr  (143)
	expr : expr . MUL expr  (144)
	expr : expr . DIV expr  (145)
	expr : expr . MOD expr  (146)
	expr : expr . EQ expr  (147)
	expr : expr . NEQ expr  (148)
	expr : expr . LT expr  (149)
	expr : expr . LTE expr  (150)
	expr : expr . GT expr  (151)
	expr : expr . GTE expr  (152)
	expr : expr . AND expr  (153)
	expr : expr . OR expr  (154)

	PLUS  shift 234
	MINUS  shift 235
	MUL  shift 236
	DIV  shift 237
	MOD  shift 238
	AND  shift 239
	OR  shift 240
	EQ  shift 241
	NEQ  shift 242
	LT  shift 243
	LTE  shift 244
	GT  shift 245
	GTE  shift 246
	';'  reduce 45


state 289
	Slist : Slist . Stmt ';'  (29)
	ifStmt : IF expr THEN Slist . ELSE Slist ENDIF  (49)
	ifStmt : IF expr THEN Slist . ENDIF  (50)

	ID  shift 142
	READ  shift 143
	WRITE  shift 144
	MUL  shift 145
	BREAKPOINT  shift 146
	IF  shift 147
	ELSE  shift 304
	ENDIF  shift 305
	WHILE  shift 148
	DO  shift 149
	BREAK  shift 150
	CONTINUE  shift 151
	SELF  shift 153
	.  error

	Stmt  goto 208
	inputStmt  goto 156
	outputStmt  goto 157
	assignStmt  goto 158
	ifStmt  goto 159
	whileStmt  goto 160
	doWhileStmt  goto 161
	breakStmt  goto 162
	continueStmt  goto 163
	breakPointStmt  goto 164
	Field  goto 166
	InitializeStmt  goto 167
	AllocStmt  goto 168
	FreeStmt  goto 169
	DynaMemID  goto 170
	FieldID  goto 171
	NewStmt  goto 172
	DynamicMemStmt  goto 173


state 290
	Slist : Slist . Stmt ';'  (29)
	whileStmt : WHILE expr DO Slist . ENDWHILE  (51)

	ID  shift 142
	READ  shift 143
	WRITE  shift 144
	MUL  shift 145
	BREAKPOINT  shift 146
	IF  shift 147
	WHILE  shift 148
	DO  shift 149
	ENDWHILE  shift 306
	BREAK  shift 150
	CONTINUE  shift 151
	SELF  shift 153
	.  error

	Stmt  goto 208
	inputStmt  goto 156
	outputStmt  goto 157
	assignStmt  goto 158
	ifStmt  goto 159
	whileStmt  goto 160
	doWhileStmt  goto 161
	breakStmt  goto 162
	continueStmt  goto 163
	breakPointStmt  goto 164
	Field  goto 166
	InitializeStmt  goto 167
	AllocStmt  goto 168
	FreeStmt  goto 169
	DynaMemID  goto 170
	FieldID  goto 171
	NewStmt  goto 172
	DynamicMemStmt  goto 173


state 291
	whileStmt : WHILE expr . DO Slist ENDWHILE  (51)
	doWhileStmt : DO Slist WHILE expr . ENDWHILE  (52)
	expr : expr . PLUS expr  (142)
	expr : expr . MINUS expr  (143)
	expr : expr . MUL expr  (144)
	expr : expr . DIV expr  (145)
	expr : expr . MOD expr  (146)
	expr : expr . EQ expr  (147)
	expr : expr . NEQ expr  (148)
	expr : expr . LT expr  (149)
	expr : expr . LTE expr  (150)
	expr : expr . GT expr  (151)
	expr : expr . GTE expr  (152)
	expr : expr . AND expr  (153)
	expr : expr . OR expr  (154)

	PLUS  shift 234
	MINUS  shift 235
	MUL  shift 236
	DIV  shift 237
	MOD  shift 238
	DO  shift 250
	ENDWHILE  shift 307
	AND  shift 239
	OR  shift 240
	EQ  shift 241
	NEQ  shift 242
	LT  shift 243
	LTE  shift 244
	GT  shift 245
	GTE  shift 246
	.  error


state 292
	FBody : BEGIN_ Slist retStmt END ';' .  (104)

	.  reduce 104


state 293
	InitializeStmt : DynaMemID INITIALIZE '(' ')' .  (131)

	.  reduce 131


state 294
	AllocStmt : DynaMemID ALLOC '(' ')' .  (129)

	.  reduce 129


state 295
	FreeStmt : DynaMemID FREE '(' expr . ')'  (130)
	expr : expr . PLUS expr  (142)
	expr : expr . MINUS expr  (143)
	expr : expr . MUL expr  (144)
	expr : expr . DIV expr  (145)
	expr : expr . MOD expr  (146)
	expr : expr . EQ expr  (147)
	expr : expr . NEQ expr  (148)
	expr : expr . LT expr  (149)
	expr : expr . LTE expr  (150)
	expr : expr . GT expr  (151)
	expr : expr . GTE expr  (152)
	expr : expr . AND expr  (153)
	expr : expr . OR expr  (154)

	PLUS  shift 234
	MINUS  shift 235
	MUL  shift 236
	DIV  shift 237
	MOD  shift 238
	AND  shift 239
	OR  shift 240
	')'  shift 308
	EQ  shift 241
	NEQ  shift 242
	LT  shift 243
	LTE  shift 244
	GT  shift 245
	GTE  shift 246
	.  error


state 296
	NewStmt : DynaMemID NEW '(' ID . ')'  (132)

	')'  shift 309
	.  error


state 297
	MBody : BEGIN_ Slist retStmt . END ';'  (124)

	END  shift 310
	.  error


state 298
	MethodDecl : TypeName ID '(' ParamList ')' . ';'  (27)

	';'  shift 311
	.  error


state 299
	assignStmt : ID '[' expr ']' '=' . expr  (44)
	DynaMemID : ID '[' expr ']' '=' .  (134)

	ID  shift 189
	NUM  shift 190
	STRING  shift 191
	NULL_  shift 192
	MUL  shift 193
	AMPERSAND  shift 194
	NOT  shift 195
	SELF  shift 153
	'('  shift 196
	INITIALIZE  reduce 134
	ALLOC  reduce 134
	FREE  reduce 134
	NEW  reduce 134

	expr  goto 312
	Field  goto 198
	FieldID  goto 171
	FieldFunction  goto 199


state 300
	ArgList : ArgList ',' . Arg  (90)

	ID  shift 189
	NUM  shift 190
	STRING  shift 191
	NULL_  shift 192
	MUL  shift 193
	AMPERSAND  shift 194
	NOT  shift 195
	SELF  shift 153
	'('  shift 196
	.  error

	expr  goto 269
	Arg  goto 313
	Field  goto 198
	FieldID  goto 171
	FieldFunction  goto 199


state 301
	expr : ID '(' ArgList ')' .  (159)

	.  reduce 159


state 302
	FieldID : ID '[' expr ']' .  (141)
	expr : ID '[' expr ']' .  (160)

	PLUS  reduce 160
	MINUS  reduce 160
	MUL  reduce 160
	DIV  reduce 160
	MOD  reduce 160
	THEN  reduce 160
	DO  reduce 160
	ENDWHILE  reduce 160
	AND  reduce 160
	OR  reduce 160
	','  reduce 160
	')'  reduce 160
	'.'  reduce 141
	EQ  reduce 160
	NEQ  reduce 160
	LT  reduce 160
	LTE  reduce 160
	GT  reduce 160
	GTE  reduce 160
	';'  reduce 160
	']'  reduce 160


state 303
	FieldFunction : Field '(' ArgList ')' .  (136)

	.  reduce 136


state 304
	ifStmt : IF expr THEN Slist ELSE . Slist ENDIF  (49)

	ID  shift 142
	READ  shift 143
	WRITE  shift 144
	MUL  shift 145
	BREAKPOINT  shift 146
	IF  shift 147
	WHILE  shift 148
	DO  shift 149
	BREAK  shift 150
	CONTINUE  shift 151
	SELF  shift 153
	.  error

	Slist  goto 314
	Stmt  goto 155
	inputStmt  goto 156
	outputStmt  goto 157
	assignStmt  goto 158
	ifStmt  goto 159
	whileStmt  goto 160
	doWhileStmt  goto 161
	breakStmt  goto 162
	continueStmt  goto 163
	breakPointStmt  goto 164
	Field  goto 166
	InitializeStmt  goto 167
	AllocStmt  goto 168
	FreeStmt  goto 169
	DynaMemID  goto 170
	FieldID  goto 171
	NewStmt  goto 172
	DynamicMemStmt  goto 173


state 305
	ifStmt : IF expr THEN Slist ENDIF .  (50)

	.  reduce 50


state 306
	whileStmt : WHILE expr DO Slist ENDWHILE .  (51)

	.  reduce 51


state 307
	doWhileStmt : DO Slist WHILE expr ENDWHILE .  (52)

	.  reduce 52


state 308
	FreeStmt : DynaMemID FREE '(' expr ')' .  (130)

	.  reduce 130


state 309
	NewStmt : DynaMemID NEW '(' ID ')' .  (132)

	.  reduce 132


state 310
	MBody : BEGIN_ Slist retStmt END . ';'  (124)

	';'  shift 315
	.  error


state 311
	MethodDecl : TypeName ID '(' ParamList ')' ';' .  (27)

	.  reduce 27


state 312
	assignStmt : ID '[' expr ']' '=' expr .  (44)
	expr : expr . PLUS expr  (142)
	expr : expr . MINUS expr  (143)
	expr : expr . MUL expr  (144)
	expr : expr . DIV expr  (145)
	expr : expr . MOD expr  (146)
	expr : expr . EQ expr  (147)
	expr : expr . NEQ expr  (148)
	expr : expr . LT expr  (149)
	expr : expr . LTE expr  (150)
	expr : expr . GT expr  (151)
	expr : expr . GTE expr  (152)
	expr : expr . AND expr  (153)
	expr : expr . OR expr  (154)

	PLUS  shift 234
	MINUS  shift 235
	MUL  shift 236
	DIV  shift 237
	MOD  shift 238
	AND  shift 239
	OR  shift 240
	EQ  shift 241
	NEQ  shift 242
	LT  shift 243
	LTE  shift 244
	GT  shift 245
	GTE  shift 246
	';'  reduce 44


state 313
	ArgList : ArgList ',' Arg .  (90)

	.  reduce 90


state 314
	Slist : Slist . Stmt ';'  (29)
	ifStmt : IF expr THEN Slist ELSE Slist . ENDIF  (49)

	ID  shift 142
	READ  shift 143
	WRITE  shift 144
	MUL  shift 145
	BREAKPOINT  shift 146
	IF  shift 147
	ENDIF  shift 316
	WHILE  shift 148
	DO  shift 149
	BREAK  shift 150
	CONTINUE  shift 151
	SELF  shift 153
	.  error

	Stmt  goto 208
	inputStmt  goto 156
	outputStmt  goto 157
	assignStmt  goto 158
	ifStmt  goto 159
	whileStmt  goto 160
	doWhileStmt  goto 161
	breakStmt  goto 162
	continueStmt  goto 163
	breakPointStmt  goto 164
	Field  goto 166
	InitializeStmt  goto 167
	AllocStmt  goto 168
	FreeStmt  goto 169
	DynaMemID  goto 170
	FieldID  goto 171
	NewStmt  goto 172
	DynamicMemStmt  goto 173


state 315
	MBody : BEGIN_ Slist retStmt END ';' .  (124)

	.  reduce 124


state 316
	ifStmt : IF expr THEN Slist ELSE Slist ENDIF .  (49)

	.  reduce 49


62 terminals, 72 nonterminals
167 grammar rules, 317 states
