   0  $accept : start $end

   1  start : TypeDefBlock ClassDefBlock GDeclBlock FDefBlock MainBlock
   2        | TypeDefBlock ClassDefBlock GDeclBlock MainBlock
   3        | TypeDefBlock GDeclBlock MainBlock
   4        | TypeDefBlock GDeclBlock FDefBlock MainBlock
   5        | TypeDefBlock GDeclBlock

   6  TypeDefBlock : TYPE TypeDefList ENDTYPE
   7               |

   8  TypeDefList : TypeDefList TypeDef
   9              | TypeDef

  10  TypeDef : TypeID '{' FieldDeclList '}'

  11  TypeID : ID

  12  FieldDeclList : FieldDeclList FieldDecl
  13                | FieldDecl

  14  FieldDecl : TypeName ID ';'

  15  TypeName : INT
  16           | STR
  17           | ID

  18  ClassDefBlock : CLASS ClassDefList ENDCLASS

  19  ClassDefList : ClassDefList ClassDef
  20               | ClassDef

  21  ClassDef : ClassName '{' ClassMembers MethodDefns '}'

  22  ClassMembers : DECL FieldDeclList MethodDeclList ENDDECL

  23  ClassName : ID

  24  MethodDeclList : MethodDeclList MethodDecl
  25                 | MethodDecl

  26  MethodDecl : TypeName ID '(' ParamList ')' ';'

  27  MethodDefns : FDefBlock

  28  Slist : Slist Stmt ';'
  29        | Stmt ';'

  30  Stmt : inputStmt
  31       | outputStmt
  32       | assignStmt
  33       | ifStmt
  34       | whileStmt
  35       | doWhileStmt
  36       | breakStmt
  37       | continueStmt
  38       | breakPointStmt
  39       | DynamicMemStmt

  40  inputStmt : READ expr

  41  outputStmt : WRITE expr

  42  assignStmt : ID '=' expr
  43             | ID '[' expr ']' '=' expr
  44             | MUL ID '=' expr
  45             | StructField '=' expr

  46  retVal : expr

  47  retStmt : RETURN retVal ';'

  48  ifStmt : IF expr THEN Slist ELSE Slist ENDIF
  49         | IF expr THEN Slist ENDIF

  50  whileStmt : WHILE expr DO Slist ENDWHILE

  51  doWhileStmt : DO Slist WHILE expr ENDWHILE

  52  breakStmt : BREAK

  53  continueStmt : CONTINUE

  54  breakPointStmt : BREAKPOINT

  55  GDeclBlock : DECL GDeclList ENDDECL
  56             | DECL ENDDECL

  57  GDeclList : GDeclList GDecl
  58            | GDecl

  59  GDecl : GType GIDList ';'
  60        | GType TupleDecl GIDList ';'

  61  GType : INT
  62        | STR
  63        | ID
  64        | TUPLE ID

  65  GIDList : GIDList ',' GID
  66          | GID

  67  GID : ID
  68      | ID '[' NUM ']'
  69      | ID '(' ParamList ')'
  70      | GPtrID
  71      | GPtrID '(' ParamList ')'

  72  GPtrID : MUL ID

  73  TupleDecl : '(' TupleFieldDeclList ')'

  74  TupleFieldDeclList : TupleFieldDeclList ',' TupleFieldDecl
  75                     | TupleFieldDecl

  76  TupleFieldDecl : TupleFieldType TupleFieldName

  77  TupleFieldType : INT
  78                 | STR

  79  TupleFieldName : ID

  80  ParamList : ParamList ',' Param
  81            | Param
  82            |

  83  Param : ParamType ID

  84  ParamType : INT
  85            | STR
  86            | INT MUL
  87            | STR MUL
  88            | ID

  89  ArgList : ArgList ',' Arg
  90          | Arg
  91          |

  92  Arg : expr

  93  FDefBlock : FDefBlock FDef
  94            | FDef

  95  FID : ID

  96  FDef : FuncSign '{' LDeclBlock FBody '}'

  97  FuncSign : FuncType FID '(' ParamList ')'

  98  FuncType : INT
  99           | STR
 100           | INT MUL
 101           | STR MUL
 102           | ID

 103  FBody : BEGIN_ Slist retStmt END ';'

 104  LDeclBlock : DECL LDeclList ENDDECL
 105             |
 106             | DECL ENDDECL

 107  LDeclList : LDeclList LDecl
 108            | LDecl

 109  LDecl : LType LIDList ';'
 110        | LType TupleDecl LIDList ';'

 111  LType : INT
 112        | STR
 113        | ID
 114        | TUPLE ID

 115  LIDList : LIDList ',' LID
 116          | LID

 117  LID : ID
 118      | ID '[' NUM ']'
 119      | MUL ID

 120  MainBlock : MainFunc '(' ')' '{' LDeclBlock MBody '}'

 121  MainFunc : INT MAIN

 122  MBody : BEGIN_ Slist retStmt END ';'

 123  DynamicMemStmt : AllocStmt
 124                 | FreeStmt
 125                 | InitializeStmt

 126  AllocStmt : DynaMemID ALLOC '(' ')'

 127  FreeStmt : DynaMemID FREE '(' expr ')'

 128  InitializeStmt : DynaMemID INITIALIZE '(' ')'

 129  DynaMemID : ID '='
 130            | ID '[' expr ']' '='

 131  StructField : StructField '.' ID
 132              | StructID '.' ID

 133  StructID : ID
 134           | ID '[' expr ']'

 135  expr : expr PLUS expr
 136       | expr MINUS expr
 137       | expr MUL expr
 138       | expr DIV expr
 139       | expr MOD expr
 140       | expr EQ expr
 141       | expr NEQ expr
 142       | expr LT expr
 143       | expr LTE expr
 144       | expr GT expr
 145       | expr GTE expr
 146       | expr AND expr
 147       | expr OR expr
 148       | NOT expr
 149       | '(' expr ')'
 150       | StructField
 151       | ID '(' ArgList ')'
 152       | ID '[' expr ']'
 153       | AMPERSAND ID
 154       | MUL ID
 155       | ID
 156       | NUM
 157       | STRING
 158       | NULL_

state 0
	$accept : . start $end  (0)
	TypeDefBlock : .  (7)

	TYPE  shift 1
	DECL  reduce 7
	CLASS  reduce 7

	start  goto 2
	TypeDefBlock  goto 3


state 1
	TypeDefBlock : TYPE . TypeDefList ENDTYPE  (6)

	ID  shift 4
	.  error

	TypeID  goto 5
	TypeDefList  goto 6
	TypeDef  goto 7


state 2
	$accept : start . $end  (0)

	$end  accept


state 3
	start : TypeDefBlock . ClassDefBlock GDeclBlock FDefBlock MainBlock  (1)
	start : TypeDefBlock . ClassDefBlock GDeclBlock MainBlock  (2)
	start : TypeDefBlock . GDeclBlock MainBlock  (3)
	start : TypeDefBlock . GDeclBlock FDefBlock MainBlock  (4)
	start : TypeDefBlock . GDeclBlock  (5)

	DECL  shift 8
	CLASS  shift 9
	.  error

	ClassDefBlock  goto 10
	GDeclBlock  goto 11


state 4
	TypeID : ID .  (11)

	.  reduce 11


state 5
	TypeDef : TypeID . '{' FieldDeclList '}'  (10)

	'{'  shift 12
	.  error


state 6
	TypeDefBlock : TYPE TypeDefList . ENDTYPE  (6)
	TypeDefList : TypeDefList . TypeDef  (8)

	ID  shift 4
	ENDTYPE  shift 13
	.  error

	TypeID  goto 5
	TypeDef  goto 14


state 7
	TypeDefList : TypeDef .  (9)

	.  reduce 9


state 8
	GDeclBlock : DECL . GDeclList ENDDECL  (55)
	GDeclBlock : DECL . ENDDECL  (56)

	ID  shift 15
	TUPLE  shift 16
	ENDDECL  shift 17
	INT  shift 18
	STR  shift 19
	.  error

	GType  goto 20
	GDeclList  goto 21
	GDecl  goto 22


state 9
	ClassDefBlock : CLASS . ClassDefList ENDCLASS  (18)

	ID  shift 23
	.  error

	ClassName  goto 24
	ClassDefList  goto 25
	ClassDef  goto 26


state 10
	start : TypeDefBlock ClassDefBlock . GDeclBlock FDefBlock MainBlock  (1)
	start : TypeDefBlock ClassDefBlock . GDeclBlock MainBlock  (2)

	DECL  shift 8
	.  error

	GDeclBlock  goto 27


state 11
	start : TypeDefBlock GDeclBlock . MainBlock  (3)
	start : TypeDefBlock GDeclBlock . FDefBlock MainBlock  (4)
	start : TypeDefBlock GDeclBlock .  (5)

	ID  shift 28
	INT  shift 29
	STR  shift 30
	$end  reduce 5

	FDefBlock  goto 31
	MainBlock  goto 32
	FDef  goto 33
	FuncSign  goto 34
	FuncType  goto 35
	MainFunc  goto 36


state 12
	TypeDef : TypeID '{' . FieldDeclList '}'  (10)

	ID  shift 37
	INT  shift 38
	STR  shift 39
	.  error

	TypeName  goto 40
	FieldDecl  goto 41
	FieldDeclList  goto 42


state 13
	TypeDefBlock : TYPE TypeDefList ENDTYPE .  (6)

	.  reduce 6


state 14
	TypeDefList : TypeDefList TypeDef .  (8)

	.  reduce 8


state 15
	GType : ID .  (63)

	.  reduce 63


state 16
	GType : TUPLE . ID  (64)

	ID  shift 43
	.  error


state 17
	GDeclBlock : DECL ENDDECL .  (56)

	.  reduce 56


state 18
	GType : INT .  (61)

	.  reduce 61


state 19
	GType : STR .  (62)

	.  reduce 62


state 20
	GDecl : GType . GIDList ';'  (59)
	GDecl : GType . TupleDecl GIDList ';'  (60)

	ID  shift 44
	MUL  shift 45
	'('  shift 46
	.  error

	GPtrID  goto 47
	TupleDecl  goto 48
	GIDList  goto 49
	GID  goto 50


state 21
	GDeclBlock : DECL GDeclList . ENDDECL  (55)
	GDeclList : GDeclList . GDecl  (57)

	ID  shift 15
	TUPLE  shift 16
	ENDDECL  shift 51
	INT  shift 18
	STR  shift 19
	.  error

	GType  goto 20
	GDecl  goto 52


state 22
	GDeclList : GDecl .  (58)

	.  reduce 58


state 23
	ClassName : ID .  (23)

	.  reduce 23


state 24
	ClassDef : ClassName . '{' ClassMembers MethodDefns '}'  (21)

	'{'  shift 53
	.  error


state 25
	ClassDefBlock : CLASS ClassDefList . ENDCLASS  (18)
	ClassDefList : ClassDefList . ClassDef  (19)

	ID  shift 23
	ENDCLASS  shift 54
	.  error

	ClassName  goto 24
	ClassDef  goto 55


state 26
	ClassDefList : ClassDef .  (20)

	.  reduce 20


state 27
	start : TypeDefBlock ClassDefBlock GDeclBlock . FDefBlock MainBlock  (1)
	start : TypeDefBlock ClassDefBlock GDeclBlock . MainBlock  (2)

	ID  shift 28
	INT  shift 29
	STR  shift 30
	.  error

	FDefBlock  goto 56
	MainBlock  goto 57
	FDef  goto 33
	FuncSign  goto 34
	FuncType  goto 35
	MainFunc  goto 36


state 28
	FuncType : ID .  (102)

	.  reduce 102


state 29
	FuncType : INT .  (98)
	FuncType : INT . MUL  (100)
	MainFunc : INT . MAIN  (121)

	MAIN  shift 58
	MUL  shift 59
	ID  reduce 98


state 30
	FuncType : STR .  (99)
	FuncType : STR . MUL  (101)

	MUL  shift 60
	ID  reduce 99


state 31
	start : TypeDefBlock GDeclBlock FDefBlock . MainBlock  (4)
	FDefBlock : FDefBlock . FDef  (93)

	ID  shift 28
	INT  shift 29
	STR  shift 30
	.  error

	MainBlock  goto 61
	FDef  goto 62
	FuncSign  goto 34
	FuncType  goto 35
	MainFunc  goto 36


state 32
	start : TypeDefBlock GDeclBlock MainBlock .  (3)

	.  reduce 3


state 33
	FDefBlock : FDef .  (94)

	.  reduce 94


state 34
	FDef : FuncSign . '{' LDeclBlock FBody '}'  (96)

	'{'  shift 63
	.  error


state 35
	FuncSign : FuncType . FID '(' ParamList ')'  (97)

	ID  shift 64
	.  error

	FID  goto 65


state 36
	MainBlock : MainFunc . '(' ')' '{' LDeclBlock MBody '}'  (120)

	'('  shift 66
	.  error


state 37
	TypeName : ID .  (17)

	.  reduce 17


state 38
	TypeName : INT .  (15)

	.  reduce 15


state 39
	TypeName : STR .  (16)

	.  reduce 16


state 40
	FieldDecl : TypeName . ID ';'  (14)

	ID  shift 67
	.  error


state 41
	FieldDeclList : FieldDecl .  (13)

	.  reduce 13


state 42
	TypeDef : TypeID '{' FieldDeclList . '}'  (10)
	FieldDeclList : FieldDeclList . FieldDecl  (12)

	ID  shift 37
	INT  shift 38
	STR  shift 39
	'}'  shift 68
	.  error

	TypeName  goto 40
	FieldDecl  goto 69


state 43
	GType : TUPLE ID .  (64)

	.  reduce 64


state 44
	GID : ID .  (67)
	GID : ID . '[' NUM ']'  (68)
	GID : ID . '(' ParamList ')'  (69)

	'('  shift 70
	'['  shift 71
	','  reduce 67
	';'  reduce 67


state 45
	GPtrID : MUL . ID  (72)

	ID  shift 72
	.  error


state 46
	TupleDecl : '(' . TupleFieldDeclList ')'  (73)

	INT  shift 73
	STR  shift 74
	.  error

	TupleFieldType  goto 75
	TupleFieldDecl  goto 76
	TupleFieldDeclList  goto 77


state 47
	GID : GPtrID .  (70)
	GID : GPtrID . '(' ParamList ')'  (71)

	'('  shift 78
	','  reduce 70
	';'  reduce 70


state 48
	GDecl : GType TupleDecl . GIDList ';'  (60)

	ID  shift 44
	MUL  shift 45
	.  error

	GPtrID  goto 47
	GIDList  goto 79
	GID  goto 50


state 49
	GDecl : GType GIDList . ';'  (59)
	GIDList : GIDList . ',' GID  (65)

	','  shift 80
	';'  shift 81
	.  error


state 50
	GIDList : GID .  (66)

	.  reduce 66


state 51
	GDeclBlock : DECL GDeclList ENDDECL .  (55)

	.  reduce 55


state 52
	GDeclList : GDeclList GDecl .  (57)

	.  reduce 57


state 53
	ClassDef : ClassName '{' . ClassMembers MethodDefns '}'  (21)

	DECL  shift 82
	.  error

	ClassMembers  goto 83


state 54
	ClassDefBlock : CLASS ClassDefList ENDCLASS .  (18)

	.  reduce 18


state 55
	ClassDefList : ClassDefList ClassDef .  (19)

	.  reduce 19


state 56
	start : TypeDefBlock ClassDefBlock GDeclBlock FDefBlock . MainBlock  (1)
	FDefBlock : FDefBlock . FDef  (93)

	ID  shift 28
	INT  shift 29
	STR  shift 30
	.  error

	MainBlock  goto 84
	FDef  goto 62
	FuncSign  goto 34
	FuncType  goto 35
	MainFunc  goto 36


state 57
	start : TypeDefBlock ClassDefBlock GDeclBlock MainBlock .  (2)

	.  reduce 2


state 58
	MainFunc : INT MAIN .  (121)

	.  reduce 121


state 59
	FuncType : INT MUL .  (100)

	.  reduce 100


state 60
	FuncType : STR MUL .  (101)

	.  reduce 101


state 61
	start : TypeDefBlock GDeclBlock FDefBlock MainBlock .  (4)

	.  reduce 4


state 62
	FDefBlock : FDefBlock FDef .  (93)

	.  reduce 93


state 63
	FDef : FuncSign '{' . LDeclBlock FBody '}'  (96)
	LDeclBlock : .  (105)

	DECL  shift 85
	BEGIN_  reduce 105

	LDeclBlock  goto 86


state 64
	FID : ID .  (95)

	.  reduce 95


state 65
	FuncSign : FuncType FID . '(' ParamList ')'  (97)

	'('  shift 87
	.  error


state 66
	MainBlock : MainFunc '(' . ')' '{' LDeclBlock MBody '}'  (120)

	')'  shift 88
	.  error


state 67
	FieldDecl : TypeName ID . ';'  (14)

	';'  shift 89
	.  error


state 68
	TypeDef : TypeID '{' FieldDeclList '}' .  (10)

	.  reduce 10


state 69
	FieldDeclList : FieldDeclList FieldDecl .  (12)

	.  reduce 12


state 70
	GID : ID '(' . ParamList ')'  (69)
	ParamList : .  (82)

	ID  shift 90
	INT  shift 91
	STR  shift 92
	','  reduce 82
	')'  reduce 82

	ParamList  goto 93
	Param  goto 94
	ParamType  goto 95


state 71
	GID : ID '[' . NUM ']'  (68)

	NUM  shift 96
	.  error


state 72
	GPtrID : MUL ID .  (72)

	.  reduce 72


state 73
	TupleFieldType : INT .  (77)

	.  reduce 77


state 74
	TupleFieldType : STR .  (78)

	.  reduce 78


state 75
	TupleFieldDecl : TupleFieldType . TupleFieldName  (76)

	ID  shift 97
	.  error

	TupleFieldName  goto 98


state 76
	TupleFieldDeclList : TupleFieldDecl .  (75)

	.  reduce 75


state 77
	TupleDecl : '(' TupleFieldDeclList . ')'  (73)
	TupleFieldDeclList : TupleFieldDeclList . ',' TupleFieldDecl  (74)

	','  shift 99
	')'  shift 100
	.  error


state 78
	GID : GPtrID '(' . ParamList ')'  (71)
	ParamList : .  (82)

	ID  shift 90
	INT  shift 91
	STR  shift 92
	','  reduce 82
	')'  reduce 82

	ParamList  goto 101
	Param  goto 94
	ParamType  goto 95


state 79
	GDecl : GType TupleDecl GIDList . ';'  (60)
	GIDList : GIDList . ',' GID  (65)

	','  shift 80
	';'  shift 102
	.  error


state 80
	GIDList : GIDList ',' . GID  (65)

	ID  shift 44
	MUL  shift 45
	.  error

	GPtrID  goto 47
	GID  goto 103


state 81
	GDecl : GType GIDList ';' .  (59)

	.  reduce 59


state 82
	ClassMembers : DECL . FieldDeclList MethodDeclList ENDDECL  (22)

	ID  shift 37
	INT  shift 38
	STR  shift 39
	.  error

	TypeName  goto 40
	FieldDecl  goto 41
	FieldDeclList  goto 104


state 83
	ClassDef : ClassName '{' ClassMembers . MethodDefns '}'  (21)

	ID  shift 28
	INT  shift 105
	STR  shift 30
	.  error

	FDefBlock  goto 106
	MethodDefns  goto 107
	FDef  goto 33
	FuncSign  goto 34
	FuncType  goto 35


state 84
	start : TypeDefBlock ClassDefBlock GDeclBlock FDefBlock MainBlock .  (1)

	.  reduce 1


state 85
	LDeclBlock : DECL . LDeclList ENDDECL  (104)
	LDeclBlock : DECL . ENDDECL  (106)

	ID  shift 108
	TUPLE  shift 109
	ENDDECL  shift 110
	INT  shift 111
	STR  shift 112
	.  error

	LType  goto 113
	LDeclList  goto 114
	LDecl  goto 115


state 86
	FDef : FuncSign '{' LDeclBlock . FBody '}'  (96)

	BEGIN_  shift 116
	.  error

	FBody  goto 117


state 87
	FuncSign : FuncType FID '(' . ParamList ')'  (97)
	ParamList : .  (82)

	ID  shift 90
	INT  shift 91
	STR  shift 92
	','  reduce 82
	')'  reduce 82

	ParamList  goto 118
	Param  goto 94
	ParamType  goto 95


state 88
	MainBlock : MainFunc '(' ')' . '{' LDeclBlock MBody '}'  (120)

	'{'  shift 119
	.  error


state 89
	FieldDecl : TypeName ID ';' .  (14)

	.  reduce 14


state 90
	ParamType : ID .  (88)

	.  reduce 88


state 91
	ParamType : INT .  (84)
	ParamType : INT . MUL  (86)

	MUL  shift 120
	ID  reduce 84


state 92
	ParamType : STR .  (85)
	ParamType : STR . MUL  (87)

	MUL  shift 121
	ID  reduce 85


state 93
	GID : ID '(' ParamList . ')'  (69)
	ParamList : ParamList . ',' Param  (80)

	','  shift 122
	')'  shift 123
	.  error


state 94
	ParamList : Param .  (81)

	.  reduce 81


state 95
	Param : ParamType . ID  (83)

	ID  shift 124
	.  error


state 96
	GID : ID '[' NUM . ']'  (68)

	']'  shift 125
	.  error


state 97
	TupleFieldName : ID .  (79)

	.  reduce 79


state 98
	TupleFieldDecl : TupleFieldType TupleFieldName .  (76)

	.  reduce 76


state 99
	TupleFieldDeclList : TupleFieldDeclList ',' . TupleFieldDecl  (74)

	INT  shift 73
	STR  shift 74
	.  error

	TupleFieldType  goto 75
	TupleFieldDecl  goto 126


state 100
	TupleDecl : '(' TupleFieldDeclList ')' .  (73)

	.  reduce 73


state 101
	GID : GPtrID '(' ParamList . ')'  (71)
	ParamList : ParamList . ',' Param  (80)

	','  shift 122
	')'  shift 127
	.  error


state 102
	GDecl : GType TupleDecl GIDList ';' .  (60)

	.  reduce 60


state 103
	GIDList : GIDList ',' GID .  (65)

	.  reduce 65


state 104
	FieldDeclList : FieldDeclList . FieldDecl  (12)
	ClassMembers : DECL FieldDeclList . MethodDeclList ENDDECL  (22)

	ID  shift 37
	INT  shift 38
	STR  shift 39
	.  error

	TypeName  goto 128
	FieldDecl  goto 69
	MethodDeclList  goto 129
	MethodDecl  goto 130


state 105
	FuncType : INT .  (98)
	FuncType : INT . MUL  (100)

	MUL  shift 59
	ID  reduce 98


state 106
	MethodDefns : FDefBlock .  (27)
	FDefBlock : FDefBlock . FDef  (93)

	ID  shift 28
	INT  shift 105
	STR  shift 30
	'}'  reduce 27

	FDef  goto 62
	FuncSign  goto 34
	FuncType  goto 35


state 107
	ClassDef : ClassName '{' ClassMembers MethodDefns . '}'  (21)

	'}'  shift 131
	.  error


state 108
	LType : ID .  (113)

	.  reduce 113


state 109
	LType : TUPLE . ID  (114)

	ID  shift 132
	.  error


state 110
	LDeclBlock : DECL ENDDECL .  (106)

	.  reduce 106


state 111
	LType : INT .  (111)

	.  reduce 111


state 112
	LType : STR .  (112)

	.  reduce 112


state 113
	LDecl : LType . LIDList ';'  (109)
	LDecl : LType . TupleDecl LIDList ';'  (110)

	ID  shift 133
	MUL  shift 134
	'('  shift 46
	.  error

	TupleDecl  goto 135
	LIDList  goto 136
	LID  goto 137


state 114
	LDeclBlock : DECL LDeclList . ENDDECL  (104)
	LDeclList : LDeclList . LDecl  (107)

	ID  shift 108
	TUPLE  shift 109
	ENDDECL  shift 138
	INT  shift 111
	STR  shift 112
	.  error

	LType  goto 113
	LDecl  goto 139


state 115
	LDeclList : LDecl .  (108)

	.  reduce 108


state 116
	FBody : BEGIN_ . Slist retStmt END ';'  (103)

	ID  shift 140
	READ  shift 141
	WRITE  shift 142
	MUL  shift 143
	BREAKPOINT  shift 144
	IF  shift 145
	WHILE  shift 146
	DO  shift 147
	BREAK  shift 148
	CONTINUE  shift 149
	.  error

	Slist  goto 150
	Stmt  goto 151
	inputStmt  goto 152
	outputStmt  goto 153
	assignStmt  goto 154
	ifStmt  goto 155
	whileStmt  goto 156
	doWhileStmt  goto 157
	breakStmt  goto 158
	continueStmt  goto 159
	breakPointStmt  goto 160
	StructField  goto 161
	InitializeStmt  goto 162
	AllocStmt  goto 163
	FreeStmt  goto 164
	DynaMemID  goto 165
	StructID  goto 166
	DynamicMemStmt  goto 167


state 117
	FDef : FuncSign '{' LDeclBlock FBody . '}'  (96)

	'}'  shift 168
	.  error


state 118
	ParamList : ParamList . ',' Param  (80)
	FuncSign : FuncType FID '(' ParamList . ')'  (97)

	','  shift 122
	')'  shift 169
	.  error


state 119
	MainBlock : MainFunc '(' ')' '{' . LDeclBlock MBody '}'  (120)
	LDeclBlock : .  (105)

	DECL  shift 85
	BEGIN_  reduce 105

	LDeclBlock  goto 170


state 120
	ParamType : INT MUL .  (86)

	.  reduce 86


state 121
	ParamType : STR MUL .  (87)

	.  reduce 87


state 122
	ParamList : ParamList ',' . Param  (80)

	ID  shift 90
	INT  shift 91
	STR  shift 92
	.  error

	Param  goto 171
	ParamType  goto 95


state 123
	GID : ID '(' ParamList ')' .  (69)

	.  reduce 69


state 124
	Param : ParamType ID .  (83)

	.  reduce 83


state 125
	GID : ID '[' NUM ']' .  (68)

	.  reduce 68


state 126
	TupleFieldDeclList : TupleFieldDeclList ',' TupleFieldDecl .  (74)

	.  reduce 74


state 127
	GID : GPtrID '(' ParamList ')' .  (71)

	.  reduce 71


state 128
	FieldDecl : TypeName . ID ';'  (14)
	MethodDecl : TypeName . ID '(' ParamList ')' ';'  (26)

	ID  shift 172
	.  error


state 129
	ClassMembers : DECL FieldDeclList MethodDeclList . ENDDECL  (22)
	MethodDeclList : MethodDeclList . MethodDecl  (24)

	ID  shift 37
	ENDDECL  shift 173
	INT  shift 38
	STR  shift 39
	.  error

	TypeName  goto 174
	MethodDecl  goto 175


state 130
	MethodDeclList : MethodDecl .  (25)

	.  reduce 25


state 131
	ClassDef : ClassName '{' ClassMembers MethodDefns '}' .  (21)

	.  reduce 21


state 132
	LType : TUPLE ID .  (114)

	.  reduce 114


state 133
	LID : ID .  (117)
	LID : ID . '[' NUM ']'  (118)

	'['  shift 176
	','  reduce 117
	';'  reduce 117


state 134
	LID : MUL . ID  (119)

	ID  shift 177
	.  error


state 135
	LDecl : LType TupleDecl . LIDList ';'  (110)

	ID  shift 133
	MUL  shift 134
	.  error

	LIDList  goto 178
	LID  goto 137


state 136
	LDecl : LType LIDList . ';'  (109)
	LIDList : LIDList . ',' LID  (115)

	','  shift 179
	';'  shift 180
	.  error


state 137
	LIDList : LID .  (116)

	.  reduce 116


state 138
	LDeclBlock : DECL LDeclList ENDDECL .  (104)

	.  reduce 104


state 139
	LDeclList : LDeclList LDecl .  (107)

	.  reduce 107


state 140
	assignStmt : ID . '=' expr  (42)
	assignStmt : ID . '[' expr ']' '=' expr  (43)
	DynaMemID : ID . '='  (129)
	DynaMemID : ID . '[' expr ']' '='  (130)
	StructID : ID .  (133)
	StructID : ID . '[' expr ']'  (134)

	'='  shift 181
	'['  shift 182
	'.'  reduce 133


state 141
	inputStmt : READ . expr  (40)

	ID  shift 183
	NUM  shift 184
	STRING  shift 185
	NULL_  shift 186
	MUL  shift 187
	AMPERSAND  shift 188
	NOT  shift 189
	'('  shift 190
	.  error

	expr  goto 191
	StructField  goto 192
	StructID  goto 166


state 142
	outputStmt : WRITE . expr  (41)

	ID  shift 183
	NUM  shift 184
	STRING  shift 185
	NULL_  shift 186
	MUL  shift 187
	AMPERSAND  shift 188
	NOT  shift 189
	'('  shift 190
	.  error

	expr  goto 193
	StructField  goto 192
	StructID  goto 166


state 143
	assignStmt : MUL . ID '=' expr  (44)

	ID  shift 194
	.  error


state 144
	breakPointStmt : BREAKPOINT .  (54)

	.  reduce 54


state 145
	ifStmt : IF . expr THEN Slist ELSE Slist ENDIF  (48)
	ifStmt : IF . expr THEN Slist ENDIF  (49)

	ID  shift 183
	NUM  shift 184
	STRING  shift 185
	NULL_  shift 186
	MUL  shift 187
	AMPERSAND  shift 188
	NOT  shift 189
	'('  shift 190
	.  error

	expr  goto 195
	StructField  goto 192
	StructID  goto 166


state 146
	whileStmt : WHILE . expr DO Slist ENDWHILE  (50)

	ID  shift 183
	NUM  shift 184
	STRING  shift 185
	NULL_  shift 186
	MUL  shift 187
	AMPERSAND  shift 188
	NOT  shift 189
	'('  shift 190
	.  error

	expr  goto 196
	StructField  goto 192
	StructID  goto 166


state 147
	doWhileStmt : DO . Slist WHILE expr ENDWHILE  (51)

	ID  shift 140
	READ  shift 141
	WRITE  shift 142
	MUL  shift 143
	BREAKPOINT  shift 144
	IF  shift 145
	WHILE  shift 146
	DO  shift 147
	BREAK  shift 148
	CONTINUE  shift 149
	.  error

	Slist  goto 197
	Stmt  goto 151
	inputStmt  goto 152
	outputStmt  goto 153
	assignStmt  goto 154
	ifStmt  goto 155
	whileStmt  goto 156
	doWhileStmt  goto 157
	breakStmt  goto 158
	continueStmt  goto 159
	breakPointStmt  goto 160
	StructField  goto 161
	InitializeStmt  goto 162
	AllocStmt  goto 163
	FreeStmt  goto 164
	DynaMemID  goto 165
	StructID  goto 166
	DynamicMemStmt  goto 167


state 148
	breakStmt : BREAK .  (52)

	.  reduce 52


state 149
	continueStmt : CONTINUE .  (53)

	.  reduce 53


state 150
	Slist : Slist . Stmt ';'  (28)
	FBody : BEGIN_ Slist . retStmt END ';'  (103)

	ID  shift 140
	READ  shift 141
	WRITE  shift 142
	MUL  shift 143
	BREAKPOINT  shift 144
	IF  shift 145
	WHILE  shift 146
	DO  shift 147
	BREAK  shift 148
	CONTINUE  shift 149
	RETURN  shift 198
	.  error

	Stmt  goto 199
	inputStmt  goto 152
	outputStmt  goto 153
	assignStmt  goto 154
	ifStmt  goto 155
	whileStmt  goto 156
	doWhileStmt  goto 157
	breakStmt  goto 158
	continueStmt  goto 159
	breakPointStmt  goto 160
	retStmt  goto 200
	StructField  goto 161
	InitializeStmt  goto 162
	AllocStmt  goto 163
	FreeStmt  goto 164
	DynaMemID  goto 165
	StructID  goto 166
	DynamicMemStmt  goto 167


state 151
	Slist : Stmt . ';'  (29)

	';'  shift 201
	.  error


state 152
	Stmt : inputStmt .  (30)

	.  reduce 30


state 153
	Stmt : outputStmt .  (31)

	.  reduce 31


state 154
	Stmt : assignStmt .  (32)

	.  reduce 32


state 155
	Stmt : ifStmt .  (33)

	.  reduce 33


state 156
	Stmt : whileStmt .  (34)

	.  reduce 34


state 157
	Stmt : doWhileStmt .  (35)

	.  reduce 35


state 158
	Stmt : breakStmt .  (36)

	.  reduce 36


state 159
	Stmt : continueStmt .  (37)

	.  reduce 37


state 160
	Stmt : breakPointStmt .  (38)

	.  reduce 38


state 161
	assignStmt : StructField . '=' expr  (45)
	StructField : StructField . '.' ID  (131)

	'='  shift 202
	'.'  shift 203
	.  error


state 162
	DynamicMemStmt : InitializeStmt .  (125)

	.  reduce 125


state 163
	DynamicMemStmt : AllocStmt .  (123)

	.  reduce 123


state 164
	DynamicMemStmt : FreeStmt .  (124)

	.  reduce 124


state 165
	AllocStmt : DynaMemID . ALLOC '(' ')'  (126)
	FreeStmt : DynaMemID . FREE '(' expr ')'  (127)
	InitializeStmt : DynaMemID . INITIALIZE '(' ')'  (128)

	INITIALIZE  shift 204
	ALLOC  shift 205
	FREE  shift 206
	.  error


state 166
	StructField : StructID . '.' ID  (132)

	'.'  shift 207
	.  error


state 167
	Stmt : DynamicMemStmt .  (39)

	.  reduce 39


state 168
	FDef : FuncSign '{' LDeclBlock FBody '}' .  (96)

	.  reduce 96


state 169
	FuncSign : FuncType FID '(' ParamList ')' .  (97)

	.  reduce 97


state 170
	MainBlock : MainFunc '(' ')' '{' LDeclBlock . MBody '}'  (120)

	BEGIN_  shift 208
	.  error

	MBody  goto 209


state 171
	ParamList : ParamList ',' Param .  (80)

	.  reduce 80


state 172
	FieldDecl : TypeName ID . ';'  (14)
	MethodDecl : TypeName ID . '(' ParamList ')' ';'  (26)

	';'  shift 89
	'('  shift 210
	.  error


state 173
	ClassMembers : DECL FieldDeclList MethodDeclList ENDDECL .  (22)

	.  reduce 22


state 174
	MethodDecl : TypeName . ID '(' ParamList ')' ';'  (26)

	ID  shift 211
	.  error


state 175
	MethodDeclList : MethodDeclList MethodDecl .  (24)

	.  reduce 24


state 176
	LID : ID '[' . NUM ']'  (118)

	NUM  shift 212
	.  error


state 177
	LID : MUL ID .  (119)

	.  reduce 119


state 178
	LDecl : LType TupleDecl LIDList . ';'  (110)
	LIDList : LIDList . ',' LID  (115)

	','  shift 179
	';'  shift 213
	.  error


state 179
	LIDList : LIDList ',' . LID  (115)

	ID  shift 133
	MUL  shift 134
	.  error

	LID  goto 214


state 180
	LDecl : LType LIDList ';' .  (109)

	.  reduce 109


state 181
	assignStmt : ID '=' . expr  (42)
	DynaMemID : ID '=' .  (129)

	ID  shift 183
	NUM  shift 184
	STRING  shift 185
	NULL_  shift 186
	MUL  shift 187
	AMPERSAND  shift 188
	NOT  shift 189
	'('  shift 190
	INITIALIZE  reduce 129
	ALLOC  reduce 129
	FREE  reduce 129

	expr  goto 215
	StructField  goto 192
	StructID  goto 166


state 182
	assignStmt : ID '[' . expr ']' '=' expr  (43)
	DynaMemID : ID '[' . expr ']' '='  (130)
	StructID : ID '[' . expr ']'  (134)

	ID  shift 183
	NUM  shift 184
	STRING  shift 185
	NULL_  shift 186
	MUL  shift 187
	AMPERSAND  shift 188
	NOT  shift 189
	'('  shift 190
	.  error

	expr  goto 216
	StructField  goto 192
	StructID  goto 166


state 183
	StructID : ID .  (133)
	StructID : ID . '[' expr ']'  (134)
	expr : ID . '(' ArgList ')'  (151)
	expr : ID . '[' expr ']'  (152)
	expr : ID .  (155)

	'('  shift 217
	'['  shift 218
	PLUS  reduce 155
	MINUS  reduce 155
	MUL  reduce 155
	DIV  reduce 155
	MOD  reduce 155
	THEN  reduce 155
	DO  reduce 155
	ENDWHILE  reduce 155
	AND  reduce 155
	OR  reduce 155
	','  reduce 155
	')'  reduce 155
	EQ  reduce 155
	NEQ  reduce 155
	LT  reduce 155
	LTE  reduce 155
	GT  reduce 155
	GTE  reduce 155
	';'  reduce 155
	']'  reduce 155
	'.'  reduce 133


state 184
	expr : NUM .  (156)

	.  reduce 156


state 185
	expr : STRING .  (157)

	.  reduce 157


state 186
	expr : NULL_ .  (158)

	.  reduce 158


state 187
	expr : MUL . ID  (154)

	ID  shift 219
	.  error


state 188
	expr : AMPERSAND . ID  (153)

	ID  shift 220
	.  error


state 189
	expr : NOT . expr  (148)

	ID  shift 183
	NUM  shift 184
	STRING  shift 185
	NULL_  shift 186
	MUL  shift 187
	AMPERSAND  shift 188
	NOT  shift 189
	'('  shift 190
	.  error

	expr  goto 221
	StructField  goto 192
	StructID  goto 166


state 190
	expr : '(' . expr ')'  (149)

	ID  shift 183
	NUM  shift 184
	STRING  shift 185
	NULL_  shift 186
	MUL  shift 187
	AMPERSAND  shift 188
	NOT  shift 189
	'('  shift 190
	.  error

	expr  goto 222
	StructField  goto 192
	StructID  goto 166


state 191
	inputStmt : READ expr .  (40)
	expr : expr . PLUS expr  (135)
	expr : expr . MINUS expr  (136)
	expr : expr . MUL expr  (137)
	expr : expr . DIV expr  (138)
	expr : expr . MOD expr  (139)
	expr : expr . EQ expr  (140)
	expr : expr . NEQ expr  (141)
	expr : expr . LT expr  (142)
	expr : expr . LTE expr  (143)
	expr : expr . GT expr  (144)
	expr : expr . GTE expr  (145)
	expr : expr . AND expr  (146)
	expr : expr . OR expr  (147)

	PLUS  shift 223
	MINUS  shift 224
	MUL  shift 225
	DIV  shift 226
	MOD  shift 227
	AND  shift 228
	OR  shift 229
	EQ  shift 230
	NEQ  shift 231
	LT  shift 232
	LTE  shift 233
	GT  shift 234
	GTE  shift 235
	';'  reduce 40


state 192
	StructField : StructField . '.' ID  (131)
	expr : StructField .  (150)

	'.'  shift 203
	PLUS  reduce 150
	MINUS  reduce 150
	MUL  reduce 150
	DIV  reduce 150
	MOD  reduce 150
	THEN  reduce 150
	DO  reduce 150
	ENDWHILE  reduce 150
	AND  reduce 150
	OR  reduce 150
	','  reduce 150
	')'  reduce 150
	EQ  reduce 150
	NEQ  reduce 150
	LT  reduce 150
	LTE  reduce 150
	GT  reduce 150
	GTE  reduce 150
	';'  reduce 150
	']'  reduce 150


state 193
	outputStmt : WRITE expr .  (41)
	expr : expr . PLUS expr  (135)
	expr : expr . MINUS expr  (136)
	expr : expr . MUL expr  (137)
	expr : expr . DIV expr  (138)
	expr : expr . MOD expr  (139)
	expr : expr . EQ expr  (140)
	expr : expr . NEQ expr  (141)
	expr : expr . LT expr  (142)
	expr : expr . LTE expr  (143)
	expr : expr . GT expr  (144)
	expr : expr . GTE expr  (145)
	expr : expr . AND expr  (146)
	expr : expr . OR expr  (147)

	PLUS  shift 223
	MINUS  shift 224
	MUL  shift 225
	DIV  shift 226
	MOD  shift 227
	AND  shift 228
	OR  shift 229
	EQ  shift 230
	NEQ  shift 231
	LT  shift 232
	LTE  shift 233
	GT  shift 234
	GTE  shift 235
	';'  reduce 41


state 194
	assignStmt : MUL ID . '=' expr  (44)

	'='  shift 236
	.  error


state 195
	ifStmt : IF expr . THEN Slist ELSE Slist ENDIF  (48)
	ifStmt : IF expr . THEN Slist ENDIF  (49)
	expr : expr . PLUS expr  (135)
	expr : expr . MINUS expr  (136)
	expr : expr . MUL expr  (137)
	expr : expr . DIV expr  (138)
	expr : expr . MOD expr  (139)
	expr : expr . EQ expr  (140)
	expr : expr . NEQ expr  (141)
	expr : expr . LT expr  (142)
	expr : expr . LTE expr  (143)
	expr : expr . GT expr  (144)
	expr : expr . GTE expr  (145)
	expr : expr . AND expr  (146)
	expr : expr . OR expr  (147)

	PLUS  shift 223
	MINUS  shift 224
	MUL  shift 225
	DIV  shift 226
	MOD  shift 227
	THEN  shift 237
	AND  shift 228
	OR  shift 229
	EQ  shift 230
	NEQ  shift 231
	LT  shift 232
	LTE  shift 233
	GT  shift 234
	GTE  shift 235
	.  error


state 196
	whileStmt : WHILE expr . DO Slist ENDWHILE  (50)
	expr : expr . PLUS expr  (135)
	expr : expr . MINUS expr  (136)
	expr : expr . MUL expr  (137)
	expr : expr . DIV expr  (138)
	expr : expr . MOD expr  (139)
	expr : expr . EQ expr  (140)
	expr : expr . NEQ expr  (141)
	expr : expr . LT expr  (142)
	expr : expr . LTE expr  (143)
	expr : expr . GT expr  (144)
	expr : expr . GTE expr  (145)
	expr : expr . AND expr  (146)
	expr : expr . OR expr  (147)

	PLUS  shift 223
	MINUS  shift 224
	MUL  shift 225
	DIV  shift 226
	MOD  shift 227
	DO  shift 238
	AND  shift 228
	OR  shift 229
	EQ  shift 230
	NEQ  shift 231
	LT  shift 232
	LTE  shift 233
	GT  shift 234
	GTE  shift 235
	.  error


state 197
	Slist : Slist . Stmt ';'  (28)
	doWhileStmt : DO Slist . WHILE expr ENDWHILE  (51)

	ID  shift 140
	READ  shift 141
	WRITE  shift 142
	MUL  shift 143
	BREAKPOINT  shift 144
	IF  shift 145
	WHILE  shift 239
	DO  shift 147
	BREAK  shift 148
	CONTINUE  shift 149
	.  error

	Stmt  goto 199
	inputStmt  goto 152
	outputStmt  goto 153
	assignStmt  goto 154
	ifStmt  goto 155
	whileStmt  goto 156
	doWhileStmt  goto 157
	breakStmt  goto 158
	continueStmt  goto 159
	breakPointStmt  goto 160
	StructField  goto 161
	InitializeStmt  goto 162
	AllocStmt  goto 163
	FreeStmt  goto 164
	DynaMemID  goto 165
	StructID  goto 166
	DynamicMemStmt  goto 167


state 198
	retStmt : RETURN . retVal ';'  (47)

	ID  shift 183
	NUM  shift 184
	STRING  shift 185
	NULL_  shift 186
	MUL  shift 187
	AMPERSAND  shift 188
	NOT  shift 189
	'('  shift 190
	.  error

	expr  goto 240
	retVal  goto 241
	StructField  goto 192
	StructID  goto 166


state 199
	Slist : Slist Stmt . ';'  (28)

	';'  shift 242
	.  error


state 200
	FBody : BEGIN_ Slist retStmt . END ';'  (103)

	END  shift 243
	.  error


state 201
	Slist : Stmt ';' .  (29)

	.  reduce 29


state 202
	assignStmt : StructField '=' . expr  (45)

	ID  shift 183
	NUM  shift 184
	STRING  shift 185
	NULL_  shift 186
	MUL  shift 187
	AMPERSAND  shift 188
	NOT  shift 189
	'('  shift 190
	.  error

	expr  goto 244
	StructField  goto 192
	StructID  goto 166


state 203
	StructField : StructField '.' . ID  (131)

	ID  shift 245
	.  error


state 204
	InitializeStmt : DynaMemID INITIALIZE . '(' ')'  (128)

	'('  shift 246
	.  error


state 205
	AllocStmt : DynaMemID ALLOC . '(' ')'  (126)

	'('  shift 247
	.  error


state 206
	FreeStmt : DynaMemID FREE . '(' expr ')'  (127)

	'('  shift 248
	.  error


state 207
	StructField : StructID '.' . ID  (132)

	ID  shift 249
	.  error


state 208
	MBody : BEGIN_ . Slist retStmt END ';'  (122)

	ID  shift 140
	READ  shift 141
	WRITE  shift 142
	MUL  shift 143
	BREAKPOINT  shift 144
	IF  shift 145
	WHILE  shift 146
	DO  shift 147
	BREAK  shift 148
	CONTINUE  shift 149
	.  error

	Slist  goto 250
	Stmt  goto 151
	inputStmt  goto 152
	outputStmt  goto 153
	assignStmt  goto 154
	ifStmt  goto 155
	whileStmt  goto 156
	doWhileStmt  goto 157
	breakStmt  goto 158
	continueStmt  goto 159
	breakPointStmt  goto 160
	StructField  goto 161
	InitializeStmt  goto 162
	AllocStmt  goto 163
	FreeStmt  goto 164
	DynaMemID  goto 165
	StructID  goto 166
	DynamicMemStmt  goto 167


state 209
	MainBlock : MainFunc '(' ')' '{' LDeclBlock MBody . '}'  (120)

	'}'  shift 251
	.  error


state 210
	MethodDecl : TypeName ID '(' . ParamList ')' ';'  (26)
	ParamList : .  (82)

	ID  shift 90
	INT  shift 91
	STR  shift 92
	','  reduce 82
	')'  reduce 82

	ParamList  goto 252
	Param  goto 94
	ParamType  goto 95


state 211
	MethodDecl : TypeName ID . '(' ParamList ')' ';'  (26)

	'('  shift 210
	.  error


state 212
	LID : ID '[' NUM . ']'  (118)

	']'  shift 253
	.  error


state 213
	LDecl : LType TupleDecl LIDList ';' .  (110)

	.  reduce 110


state 214
	LIDList : LIDList ',' LID .  (115)

	.  reduce 115


state 215
	assignStmt : ID '=' expr .  (42)
	expr : expr . PLUS expr  (135)
	expr : expr . MINUS expr  (136)
	expr : expr . MUL expr  (137)
	expr : expr . DIV expr  (138)
	expr : expr . MOD expr  (139)
	expr : expr . EQ expr  (140)
	expr : expr . NEQ expr  (141)
	expr : expr . LT expr  (142)
	expr : expr . LTE expr  (143)
	expr : expr . GT expr  (144)
	expr : expr . GTE expr  (145)
	expr : expr . AND expr  (146)
	expr : expr . OR expr  (147)

	PLUS  shift 223
	MINUS  shift 224
	MUL  shift 225
	DIV  shift 226
	MOD  shift 227
	AND  shift 228
	OR  shift 229
	EQ  shift 230
	NEQ  shift 231
	LT  shift 232
	LTE  shift 233
	GT  shift 234
	GTE  shift 235
	';'  reduce 42


state 216
	assignStmt : ID '[' expr . ']' '=' expr  (43)
	DynaMemID : ID '[' expr . ']' '='  (130)
	StructID : ID '[' expr . ']'  (134)
	expr : expr . PLUS expr  (135)
	expr : expr . MINUS expr  (136)
	expr : expr . MUL expr  (137)
	expr : expr . DIV expr  (138)
	expr : expr . MOD expr  (139)
	expr : expr . EQ expr  (140)
	expr : expr . NEQ expr  (141)
	expr : expr . LT expr  (142)
	expr : expr . LTE expr  (143)
	expr : expr . GT expr  (144)
	expr : expr . GTE expr  (145)
	expr : expr . AND expr  (146)
	expr : expr . OR expr  (147)

	PLUS  shift 223
	MINUS  shift 224
	MUL  shift 225
	DIV  shift 226
	MOD  shift 227
	AND  shift 228
	OR  shift 229
	EQ  shift 230
	NEQ  shift 231
	LT  shift 232
	LTE  shift 233
	GT  shift 234
	GTE  shift 235
	']'  shift 254
	.  error


state 217
	expr : ID '(' . ArgList ')'  (151)
	ArgList : .  (91)

	ID  shift 183
	NUM  shift 184
	STRING  shift 185
	NULL_  shift 186
	MUL  shift 187
	AMPERSAND  shift 188
	NOT  shift 189
	'('  shift 190
	','  reduce 91
	')'  reduce 91

	expr  goto 255
	Arg  goto 256
	ArgList  goto 257
	StructField  goto 192
	StructID  goto 166


state 218
	StructID : ID '[' . expr ']'  (134)
	expr : ID '[' . expr ']'  (152)

	ID  shift 183
	NUM  shift 184
	STRING  shift 185
	NULL_  shift 186
	MUL  shift 187
	AMPERSAND  shift 188
	NOT  shift 189
	'('  shift 190
	.  error

	expr  goto 258
	StructField  goto 192
	StructID  goto 166


state 219
	expr : MUL ID .  (154)

	.  reduce 154


state 220
	expr : AMPERSAND ID .  (153)

	.  reduce 153


state 221
	expr : expr . PLUS expr  (135)
	expr : expr . MINUS expr  (136)
	expr : expr . MUL expr  (137)
	expr : expr . DIV expr  (138)
	expr : expr . MOD expr  (139)
	expr : expr . EQ expr  (140)
	expr : expr . NEQ expr  (141)
	expr : expr . LT expr  (142)
	expr : expr . LTE expr  (143)
	expr : expr . GT expr  (144)
	expr : expr . GTE expr  (145)
	expr : expr . AND expr  (146)
	expr : expr . OR expr  (147)
	expr : NOT expr .  (148)

	.  reduce 148


state 222
	expr : expr . PLUS expr  (135)
	expr : expr . MINUS expr  (136)
	expr : expr . MUL expr  (137)
	expr : expr . DIV expr  (138)
	expr : expr . MOD expr  (139)
	expr : expr . EQ expr  (140)
	expr : expr . NEQ expr  (141)
	expr : expr . LT expr  (142)
	expr : expr . LTE expr  (143)
	expr : expr . GT expr  (144)
	expr : expr . GTE expr  (145)
	expr : expr . AND expr  (146)
	expr : expr . OR expr  (147)
	expr : '(' expr . ')'  (149)

	PLUS  shift 223
	MINUS  shift 224
	MUL  shift 225
	DIV  shift 226
	MOD  shift 227
	AND  shift 228
	OR  shift 229
	')'  shift 259
	EQ  shift 230
	NEQ  shift 231
	LT  shift 232
	LTE  shift 233
	GT  shift 234
	GTE  shift 235
	.  error


state 223
	expr : expr PLUS . expr  (135)

	ID  shift 183
	NUM  shift 184
	STRING  shift 185
	NULL_  shift 186
	MUL  shift 187
	AMPERSAND  shift 188
	NOT  shift 189
	'('  shift 190
	.  error

	expr  goto 260
	StructField  goto 192
	StructID  goto 166


state 224
	expr : expr MINUS . expr  (136)

	ID  shift 183
	NUM  shift 184
	STRING  shift 185
	NULL_  shift 186
	MUL  shift 187
	AMPERSAND  shift 188
	NOT  shift 189
	'('  shift 190
	.  error

	expr  goto 261
	StructField  goto 192
	StructID  goto 166


state 225
	expr : expr MUL . expr  (137)

	ID  shift 183
	NUM  shift 184
	STRING  shift 185
	NULL_  shift 186
	MUL  shift 187
	AMPERSAND  shift 188
	NOT  shift 189
	'('  shift 190
	.  error

	expr  goto 262
	StructField  goto 192
	StructID  goto 166


state 226
	expr : expr DIV . expr  (138)

	ID  shift 183
	NUM  shift 184
	STRING  shift 185
	NULL_  shift 186
	MUL  shift 187
	AMPERSAND  shift 188
	NOT  shift 189
	'('  shift 190
	.  error

	expr  goto 263
	StructField  goto 192
	StructID  goto 166


state 227
	expr : expr MOD . expr  (139)

	ID  shift 183
	NUM  shift 184
	STRING  shift 185
	NULL_  shift 186
	MUL  shift 187
	AMPERSAND  shift 188
	NOT  shift 189
	'('  shift 190
	.  error

	expr  goto 264
	StructField  goto 192
	StructID  goto 166


state 228
	expr : expr AND . expr  (146)

	ID  shift 183
	NUM  shift 184
	STRING  shift 185
	NULL_  shift 186
	MUL  shift 187
	AMPERSAND  shift 188
	NOT  shift 189
	'('  shift 190
	.  error

	expr  goto 265
	StructField  goto 192
	StructID  goto 166


state 229
	expr : expr OR . expr  (147)

	ID  shift 183
	NUM  shift 184
	STRING  shift 185
	NULL_  shift 186
	MUL  shift 187
	AMPERSAND  shift 188
	NOT  shift 189
	'('  shift 190
	.  error

	expr  goto 266
	StructField  goto 192
	StructID  goto 166


state 230
	expr : expr EQ . expr  (140)

	ID  shift 183
	NUM  shift 184
	STRING  shift 185
	NULL_  shift 186
	MUL  shift 187
	AMPERSAND  shift 188
	NOT  shift 189
	'('  shift 190
	.  error

	expr  goto 267
	StructField  goto 192
	StructID  goto 166


state 231
	expr : expr NEQ . expr  (141)

	ID  shift 183
	NUM  shift 184
	STRING  shift 185
	NULL_  shift 186
	MUL  shift 187
	AMPERSAND  shift 188
	NOT  shift 189
	'('  shift 190
	.  error

	expr  goto 268
	StructField  goto 192
	StructID  goto 166


state 232
	expr : expr LT . expr  (142)

	ID  shift 183
	NUM  shift 184
	STRING  shift 185
	NULL_  shift 186
	MUL  shift 187
	AMPERSAND  shift 188
	NOT  shift 189
	'('  shift 190
	.  error

	expr  goto 269
	StructField  goto 192
	StructID  goto 166


state 233
	expr : expr LTE . expr  (143)

	ID  shift 183
	NUM  shift 184
	STRING  shift 185
	NULL_  shift 186
	MUL  shift 187
	AMPERSAND  shift 188
	NOT  shift 189
	'('  shift 190
	.  error

	expr  goto 270
	StructField  goto 192
	StructID  goto 166


state 234
	expr : expr GT . expr  (144)

	ID  shift 183
	NUM  shift 184
	STRING  shift 185
	NULL_  shift 186
	MUL  shift 187
	AMPERSAND  shift 188
	NOT  shift 189
	'('  shift 190
	.  error

	expr  goto 271
	StructField  goto 192
	StructID  goto 166


state 235
	expr : expr GTE . expr  (145)

	ID  shift 183
	NUM  shift 184
	STRING  shift 185
	NULL_  shift 186
	MUL  shift 187
	AMPERSAND  shift 188
	NOT  shift 189
	'('  shift 190
	.  error

	expr  goto 272
	StructField  goto 192
	StructID  goto 166


state 236
	assignStmt : MUL ID '=' . expr  (44)

	ID  shift 183
	NUM  shift 184
	STRING  shift 185
	NULL_  shift 186
	MUL  shift 187
	AMPERSAND  shift 188
	NOT  shift 189
	'('  shift 190
	.  error

	expr  goto 273
	StructField  goto 192
	StructID  goto 166


state 237
	ifStmt : IF expr THEN . Slist ELSE Slist ENDIF  (48)
	ifStmt : IF expr THEN . Slist ENDIF  (49)

	ID  shift 140
	READ  shift 141
	WRITE  shift 142
	MUL  shift 143
	BREAKPOINT  shift 144
	IF  shift 145
	WHILE  shift 146
	DO  shift 147
	BREAK  shift 148
	CONTINUE  shift 149
	.  error

	Slist  goto 274
	Stmt  goto 151
	inputStmt  goto 152
	outputStmt  goto 153
	assignStmt  goto 154
	ifStmt  goto 155
	whileStmt  goto 156
	doWhileStmt  goto 157
	breakStmt  goto 158
	continueStmt  goto 159
	breakPointStmt  goto 160
	StructField  goto 161
	InitializeStmt  goto 162
	AllocStmt  goto 163
	FreeStmt  goto 164
	DynaMemID  goto 165
	StructID  goto 166
	DynamicMemStmt  goto 167


state 238
	whileStmt : WHILE expr DO . Slist ENDWHILE  (50)

	ID  shift 140
	READ  shift 141
	WRITE  shift 142
	MUL  shift 143
	BREAKPOINT  shift 144
	IF  shift 145
	WHILE  shift 146
	DO  shift 147
	BREAK  shift 148
	CONTINUE  shift 149
	.  error

	Slist  goto 275
	Stmt  goto 151
	inputStmt  goto 152
	outputStmt  goto 153
	assignStmt  goto 154
	ifStmt  goto 155
	whileStmt  goto 156
	doWhileStmt  goto 157
	breakStmt  goto 158
	continueStmt  goto 159
	breakPointStmt  goto 160
	StructField  goto 161
	InitializeStmt  goto 162
	AllocStmt  goto 163
	FreeStmt  goto 164
	DynaMemID  goto 165
	StructID  goto 166
	DynamicMemStmt  goto 167


state 239
	whileStmt : WHILE . expr DO Slist ENDWHILE  (50)
	doWhileStmt : DO Slist WHILE . expr ENDWHILE  (51)

	ID  shift 183
	NUM  shift 184
	STRING  shift 185
	NULL_  shift 186
	MUL  shift 187
	AMPERSAND  shift 188
	NOT  shift 189
	'('  shift 190
	.  error

	expr  goto 276
	StructField  goto 192
	StructID  goto 166


state 240
	retVal : expr .  (46)
	expr : expr . PLUS expr  (135)
	expr : expr . MINUS expr  (136)
	expr : expr . MUL expr  (137)
	expr : expr . DIV expr  (138)
	expr : expr . MOD expr  (139)
	expr : expr . EQ expr  (140)
	expr : expr . NEQ expr  (141)
	expr : expr . LT expr  (142)
	expr : expr . LTE expr  (143)
	expr : expr . GT expr  (144)
	expr : expr . GTE expr  (145)
	expr : expr . AND expr  (146)
	expr : expr . OR expr  (147)

	PLUS  shift 223
	MINUS  shift 224
	MUL  shift 225
	DIV  shift 226
	MOD  shift 227
	AND  shift 228
	OR  shift 229
	EQ  shift 230
	NEQ  shift 231
	LT  shift 232
	LTE  shift 233
	GT  shift 234
	GTE  shift 235
	';'  reduce 46


state 241
	retStmt : RETURN retVal . ';'  (47)

	';'  shift 277
	.  error


state 242
	Slist : Slist Stmt ';' .  (28)

	.  reduce 28


state 243
	FBody : BEGIN_ Slist retStmt END . ';'  (103)

	';'  shift 278
	.  error


state 244
	assignStmt : StructField '=' expr .  (45)
	expr : expr . PLUS expr  (135)
	expr : expr . MINUS expr  (136)
	expr : expr . MUL expr  (137)
	expr : expr . DIV expr  (138)
	expr : expr . MOD expr  (139)
	expr : expr . EQ expr  (140)
	expr : expr . NEQ expr  (141)
	expr : expr . LT expr  (142)
	expr : expr . LTE expr  (143)
	expr : expr . GT expr  (144)
	expr : expr . GTE expr  (145)
	expr : expr . AND expr  (146)
	expr : expr . OR expr  (147)

	PLUS  shift 223
	MINUS  shift 224
	MUL  shift 225
	DIV  shift 226
	MOD  shift 227
	AND  shift 228
	OR  shift 229
	EQ  shift 230
	NEQ  shift 231
	LT  shift 232
	LTE  shift 233
	GT  shift 234
	GTE  shift 235
	';'  reduce 45


state 245
	StructField : StructField '.' ID .  (131)

	.  reduce 131


state 246
	InitializeStmt : DynaMemID INITIALIZE '(' . ')'  (128)

	')'  shift 279
	.  error


state 247
	AllocStmt : DynaMemID ALLOC '(' . ')'  (126)

	')'  shift 280
	.  error


state 248
	FreeStmt : DynaMemID FREE '(' . expr ')'  (127)

	ID  shift 183
	NUM  shift 184
	STRING  shift 185
	NULL_  shift 186
	MUL  shift 187
	AMPERSAND  shift 188
	NOT  shift 189
	'('  shift 190
	.  error

	expr  goto 281
	StructField  goto 192
	StructID  goto 166


state 249
	StructField : StructID '.' ID .  (132)

	.  reduce 132


state 250
	Slist : Slist . Stmt ';'  (28)
	MBody : BEGIN_ Slist . retStmt END ';'  (122)

	ID  shift 140
	READ  shift 141
	WRITE  shift 142
	MUL  shift 143
	BREAKPOINT  shift 144
	IF  shift 145
	WHILE  shift 146
	DO  shift 147
	BREAK  shift 148
	CONTINUE  shift 149
	RETURN  shift 198
	.  error

	Stmt  goto 199
	inputStmt  goto 152
	outputStmt  goto 153
	assignStmt  goto 154
	ifStmt  goto 155
	whileStmt  goto 156
	doWhileStmt  goto 157
	breakStmt  goto 158
	continueStmt  goto 159
	breakPointStmt  goto 160
	retStmt  goto 282
	StructField  goto 161
	InitializeStmt  goto 162
	AllocStmt  goto 163
	FreeStmt  goto 164
	DynaMemID  goto 165
	StructID  goto 166
	DynamicMemStmt  goto 167


state 251
	MainBlock : MainFunc '(' ')' '{' LDeclBlock MBody '}' .  (120)

	.  reduce 120


state 252
	MethodDecl : TypeName ID '(' ParamList . ')' ';'  (26)
	ParamList : ParamList . ',' Param  (80)

	','  shift 122
	')'  shift 283
	.  error


state 253
	LID : ID '[' NUM ']' .  (118)

	.  reduce 118


state 254
	assignStmt : ID '[' expr ']' . '=' expr  (43)
	DynaMemID : ID '[' expr ']' . '='  (130)
	StructID : ID '[' expr ']' .  (134)

	'='  shift 284
	'.'  reduce 134


state 255
	Arg : expr .  (92)
	expr : expr . PLUS expr  (135)
	expr : expr . MINUS expr  (136)
	expr : expr . MUL expr  (137)
	expr : expr . DIV expr  (138)
	expr : expr . MOD expr  (139)
	expr : expr . EQ expr  (140)
	expr : expr . NEQ expr  (141)
	expr : expr . LT expr  (142)
	expr : expr . LTE expr  (143)
	expr : expr . GT expr  (144)
	expr : expr . GTE expr  (145)
	expr : expr . AND expr  (146)
	expr : expr . OR expr  (147)

	PLUS  shift 223
	MINUS  shift 224
	MUL  shift 225
	DIV  shift 226
	MOD  shift 227
	AND  shift 228
	OR  shift 229
	EQ  shift 230
	NEQ  shift 231
	LT  shift 232
	LTE  shift 233
	GT  shift 234
	GTE  shift 235
	','  reduce 92
	')'  reduce 92


state 256
	ArgList : Arg .  (90)

	.  reduce 90


state 257
	ArgList : ArgList . ',' Arg  (89)
	expr : ID '(' ArgList . ')'  (151)

	','  shift 285
	')'  shift 286
	.  error


state 258
	StructID : ID '[' expr . ']'  (134)
	expr : expr . PLUS expr  (135)
	expr : expr . MINUS expr  (136)
	expr : expr . MUL expr  (137)
	expr : expr . DIV expr  (138)
	expr : expr . MOD expr  (139)
	expr : expr . EQ expr  (140)
	expr : expr . NEQ expr  (141)
	expr : expr . LT expr  (142)
	expr : expr . LTE expr  (143)
	expr : expr . GT expr  (144)
	expr : expr . GTE expr  (145)
	expr : expr . AND expr  (146)
	expr : expr . OR expr  (147)
	expr : ID '[' expr . ']'  (152)

	PLUS  shift 223
	MINUS  shift 224
	MUL  shift 225
	DIV  shift 226
	MOD  shift 227
	AND  shift 228
	OR  shift 229
	EQ  shift 230
	NEQ  shift 231
	LT  shift 232
	LTE  shift 233
	GT  shift 234
	GTE  shift 235
	']'  shift 287
	.  error


state 259
	expr : '(' expr ')' .  (149)

	.  reduce 149


state 260
	expr : expr . PLUS expr  (135)
	expr : expr PLUS expr .  (135)
	expr : expr . MINUS expr  (136)
	expr : expr . MUL expr  (137)
	expr : expr . DIV expr  (138)
	expr : expr . MOD expr  (139)
	expr : expr . EQ expr  (140)
	expr : expr . NEQ expr  (141)
	expr : expr . LT expr  (142)
	expr : expr . LTE expr  (143)
	expr : expr . GT expr  (144)
	expr : expr . GTE expr  (145)
	expr : expr . AND expr  (146)
	expr : expr . OR expr  (147)

	MUL  shift 225
	DIV  shift 226
	MOD  shift 227
	PLUS  reduce 135
	MINUS  reduce 135
	THEN  reduce 135
	DO  reduce 135
	ENDWHILE  reduce 135
	AND  reduce 135
	OR  reduce 135
	','  reduce 135
	')'  reduce 135
	EQ  reduce 135
	NEQ  reduce 135
	LT  reduce 135
	LTE  reduce 135
	GT  reduce 135
	GTE  reduce 135
	';'  reduce 135
	']'  reduce 135


state 261
	expr : expr . PLUS expr  (135)
	expr : expr . MINUS expr  (136)
	expr : expr MINUS expr .  (136)
	expr : expr . MUL expr  (137)
	expr : expr . DIV expr  (138)
	expr : expr . MOD expr  (139)
	expr : expr . EQ expr  (140)
	expr : expr . NEQ expr  (141)
	expr : expr . LT expr  (142)
	expr : expr . LTE expr  (143)
	expr : expr . GT expr  (144)
	expr : expr . GTE expr  (145)
	expr : expr . AND expr  (146)
	expr : expr . OR expr  (147)

	MUL  shift 225
	DIV  shift 226
	MOD  shift 227
	PLUS  reduce 136
	MINUS  reduce 136
	THEN  reduce 136
	DO  reduce 136
	ENDWHILE  reduce 136
	AND  reduce 136
	OR  reduce 136
	','  reduce 136
	')'  reduce 136
	EQ  reduce 136
	NEQ  reduce 136
	LT  reduce 136
	LTE  reduce 136
	GT  reduce 136
	GTE  reduce 136
	';'  reduce 136
	']'  reduce 136


state 262
	expr : expr . PLUS expr  (135)
	expr : expr . MINUS expr  (136)
	expr : expr . MUL expr  (137)
	expr : expr MUL expr .  (137)
	expr : expr . DIV expr  (138)
	expr : expr . MOD expr  (139)
	expr : expr . EQ expr  (140)
	expr : expr . NEQ expr  (141)
	expr : expr . LT expr  (142)
	expr : expr . LTE expr  (143)
	expr : expr . GT expr  (144)
	expr : expr . GTE expr  (145)
	expr : expr . AND expr  (146)
	expr : expr . OR expr  (147)

	.  reduce 137


state 263
	expr : expr . PLUS expr  (135)
	expr : expr . MINUS expr  (136)
	expr : expr . MUL expr  (137)
	expr : expr . DIV expr  (138)
	expr : expr DIV expr .  (138)
	expr : expr . MOD expr  (139)
	expr : expr . EQ expr  (140)
	expr : expr . NEQ expr  (141)
	expr : expr . LT expr  (142)
	expr : expr . LTE expr  (143)
	expr : expr . GT expr  (144)
	expr : expr . GTE expr  (145)
	expr : expr . AND expr  (146)
	expr : expr . OR expr  (147)

	.  reduce 138


state 264
	expr : expr . PLUS expr  (135)
	expr : expr . MINUS expr  (136)
	expr : expr . MUL expr  (137)
	expr : expr . DIV expr  (138)
	expr : expr . MOD expr  (139)
	expr : expr MOD expr .  (139)
	expr : expr . EQ expr  (140)
	expr : expr . NEQ expr  (141)
	expr : expr . LT expr  (142)
	expr : expr . LTE expr  (143)
	expr : expr . GT expr  (144)
	expr : expr . GTE expr  (145)
	expr : expr . AND expr  (146)
	expr : expr . OR expr  (147)

	.  reduce 139


state 265
	expr : expr . PLUS expr  (135)
	expr : expr . MINUS expr  (136)
	expr : expr . MUL expr  (137)
	expr : expr . DIV expr  (138)
	expr : expr . MOD expr  (139)
	expr : expr . EQ expr  (140)
	expr : expr . NEQ expr  (141)
	expr : expr . LT expr  (142)
	expr : expr . LTE expr  (143)
	expr : expr . GT expr  (144)
	expr : expr . GTE expr  (145)
	expr : expr . AND expr  (146)
	expr : expr AND expr .  (146)
	expr : expr . OR expr  (147)

	PLUS  shift 223
	MINUS  shift 224
	MUL  shift 225
	DIV  shift 226
	MOD  shift 227
	EQ  shift 230
	NEQ  shift 231
	LT  shift 232
	LTE  shift 233
	GT  shift 234
	GTE  shift 235
	THEN  reduce 146
	DO  reduce 146
	ENDWHILE  reduce 146
	AND  reduce 146
	OR  reduce 146
	','  reduce 146
	')'  reduce 146
	';'  reduce 146
	']'  reduce 146


state 266
	expr : expr . PLUS expr  (135)
	expr : expr . MINUS expr  (136)
	expr : expr . MUL expr  (137)
	expr : expr . DIV expr  (138)
	expr : expr . MOD expr  (139)
	expr : expr . EQ expr  (140)
	expr : expr . NEQ expr  (141)
	expr : expr . LT expr  (142)
	expr : expr . LTE expr  (143)
	expr : expr . GT expr  (144)
	expr : expr . GTE expr  (145)
	expr : expr . AND expr  (146)
	expr : expr . OR expr  (147)
	expr : expr OR expr .  (147)

	PLUS  shift 223
	MINUS  shift 224
	MUL  shift 225
	DIV  shift 226
	MOD  shift 227
	AND  shift 228
	EQ  shift 230
	NEQ  shift 231
	LT  shift 232
	LTE  shift 233
	GT  shift 234
	GTE  shift 235
	THEN  reduce 147
	DO  reduce 147
	ENDWHILE  reduce 147
	OR  reduce 147
	','  reduce 147
	')'  reduce 147
	';'  reduce 147
	']'  reduce 147


state 267
	expr : expr . PLUS expr  (135)
	expr : expr . MINUS expr  (136)
	expr : expr . MUL expr  (137)
	expr : expr . DIV expr  (138)
	expr : expr . MOD expr  (139)
	expr : expr . EQ expr  (140)
	expr : expr EQ expr .  (140)
	expr : expr . NEQ expr  (141)
	expr : expr . LT expr  (142)
	expr : expr . LTE expr  (143)
	expr : expr . GT expr  (144)
	expr : expr . GTE expr  (145)
	expr : expr . AND expr  (146)
	expr : expr . OR expr  (147)

	PLUS  shift 223
	MINUS  shift 224
	MUL  shift 225
	DIV  shift 226
	MOD  shift 227
	LT  shift 232
	LTE  shift 233
	GT  shift 234
	GTE  shift 235
	THEN  reduce 140
	DO  reduce 140
	ENDWHILE  reduce 140
	AND  reduce 140
	OR  reduce 140
	','  reduce 140
	')'  reduce 140
	EQ  reduce 140
	NEQ  reduce 140
	';'  reduce 140
	']'  reduce 140


state 268
	expr : expr . PLUS expr  (135)
	expr : expr . MINUS expr  (136)
	expr : expr . MUL expr  (137)
	expr : expr . DIV expr  (138)
	expr : expr . MOD expr  (139)
	expr : expr . EQ expr  (140)
	expr : expr . NEQ expr  (141)
	expr : expr NEQ expr .  (141)
	expr : expr . LT expr  (142)
	expr : expr . LTE expr  (143)
	expr : expr . GT expr  (144)
	expr : expr . GTE expr  (145)
	expr : expr . AND expr  (146)
	expr : expr . OR expr  (147)

	PLUS  shift 223
	MINUS  shift 224
	MUL  shift 225
	DIV  shift 226
	MOD  shift 227
	LT  shift 232
	LTE  shift 233
	GT  shift 234
	GTE  shift 235
	THEN  reduce 141
	DO  reduce 141
	ENDWHILE  reduce 141
	AND  reduce 141
	OR  reduce 141
	','  reduce 141
	')'  reduce 141
	EQ  reduce 141
	NEQ  reduce 141
	';'  reduce 141
	']'  reduce 141


state 269
	expr : expr . PLUS expr  (135)
	expr : expr . MINUS expr  (136)
	expr : expr . MUL expr  (137)
	expr : expr . DIV expr  (138)
	expr : expr . MOD expr  (139)
	expr : expr . EQ expr  (140)
	expr : expr . NEQ expr  (141)
	expr : expr . LT expr  (142)
	expr : expr LT expr .  (142)
	expr : expr . LTE expr  (143)
	expr : expr . GT expr  (144)
	expr : expr . GTE expr  (145)
	expr : expr . AND expr  (146)
	expr : expr . OR expr  (147)

	PLUS  shift 223
	MINUS  shift 224
	MUL  shift 225
	DIV  shift 226
	MOD  shift 227
	THEN  reduce 142
	DO  reduce 142
	ENDWHILE  reduce 142
	AND  reduce 142
	OR  reduce 142
	','  reduce 142
	')'  reduce 142
	EQ  reduce 142
	NEQ  reduce 142
	LT  reduce 142
	LTE  reduce 142
	GT  reduce 142
	GTE  reduce 142
	';'  reduce 142
	']'  reduce 142


state 270
	expr : expr . PLUS expr  (135)
	expr : expr . MINUS expr  (136)
	expr : expr . MUL expr  (137)
	expr : expr . DIV expr  (138)
	expr : expr . MOD expr  (139)
	expr : expr . EQ expr  (140)
	expr : expr . NEQ expr  (141)
	expr : expr . LT expr  (142)
	expr : expr . LTE expr  (143)
	expr : expr LTE expr .  (143)
	expr : expr . GT expr  (144)
	expr : expr . GTE expr  (145)
	expr : expr . AND expr  (146)
	expr : expr . OR expr  (147)

	PLUS  shift 223
	MINUS  shift 224
	MUL  shift 225
	DIV  shift 226
	MOD  shift 227
	THEN  reduce 143
	DO  reduce 143
	ENDWHILE  reduce 143
	AND  reduce 143
	OR  reduce 143
	','  reduce 143
	')'  reduce 143
	EQ  reduce 143
	NEQ  reduce 143
	LT  reduce 143
	LTE  reduce 143
	GT  reduce 143
	GTE  reduce 143
	';'  reduce 143
	']'  reduce 143


state 271
	expr : expr . PLUS expr  (135)
	expr : expr . MINUS expr  (136)
	expr : expr . MUL expr  (137)
	expr : expr . DIV expr  (138)
	expr : expr . MOD expr  (139)
	expr : expr . EQ expr  (140)
	expr : expr . NEQ expr  (141)
	expr : expr . LT expr  (142)
	expr : expr . LTE expr  (143)
	expr : expr . GT expr  (144)
	expr : expr GT expr .  (144)
	expr : expr . GTE expr  (145)
	expr : expr . AND expr  (146)
	expr : expr . OR expr  (147)

	PLUS  shift 223
	MINUS  shift 224
	MUL  shift 225
	DIV  shift 226
	MOD  shift 227
	THEN  reduce 144
	DO  reduce 144
	ENDWHILE  reduce 144
	AND  reduce 144
	OR  reduce 144
	','  reduce 144
	')'  reduce 144
	EQ  reduce 144
	NEQ  reduce 144
	LT  reduce 144
	LTE  reduce 144
	GT  reduce 144
	GTE  reduce 144
	';'  reduce 144
	']'  reduce 144


state 272
	expr : expr . PLUS expr  (135)
	expr : expr . MINUS expr  (136)
	expr : expr . MUL expr  (137)
	expr : expr . DIV expr  (138)
	expr : expr . MOD expr  (139)
	expr : expr . EQ expr  (140)
	expr : expr . NEQ expr  (141)
	expr : expr . LT expr  (142)
	expr : expr . LTE expr  (143)
	expr : expr . GT expr  (144)
	expr : expr . GTE expr  (145)
	expr : expr GTE expr .  (145)
	expr : expr . AND expr  (146)
	expr : expr . OR expr  (147)

	PLUS  shift 223
	MINUS  shift 224
	MUL  shift 225
	DIV  shift 226
	MOD  shift 227
	THEN  reduce 145
	DO  reduce 145
	ENDWHILE  reduce 145
	AND  reduce 145
	OR  reduce 145
	','  reduce 145
	')'  reduce 145
	EQ  reduce 145
	NEQ  reduce 145
	LT  reduce 145
	LTE  reduce 145
	GT  reduce 145
	GTE  reduce 145
	';'  reduce 145
	']'  reduce 145


state 273
	assignStmt : MUL ID '=' expr .  (44)
	expr : expr . PLUS expr  (135)
	expr : expr . MINUS expr  (136)
	expr : expr . MUL expr  (137)
	expr : expr . DIV expr  (138)
	expr : expr . MOD expr  (139)
	expr : expr . EQ expr  (140)
	expr : expr . NEQ expr  (141)
	expr : expr . LT expr  (142)
	expr : expr . LTE expr  (143)
	expr : expr . GT expr  (144)
	expr : expr . GTE expr  (145)
	expr : expr . AND expr  (146)
	expr : expr . OR expr  (147)

	PLUS  shift 223
	MINUS  shift 224
	MUL  shift 225
	DIV  shift 226
	MOD  shift 227
	AND  shift 228
	OR  shift 229
	EQ  shift 230
	NEQ  shift 231
	LT  shift 232
	LTE  shift 233
	GT  shift 234
	GTE  shift 235
	';'  reduce 44


state 274
	Slist : Slist . Stmt ';'  (28)
	ifStmt : IF expr THEN Slist . ELSE Slist ENDIF  (48)
	ifStmt : IF expr THEN Slist . ENDIF  (49)

	ID  shift 140
	READ  shift 141
	WRITE  shift 142
	MUL  shift 143
	BREAKPOINT  shift 144
	IF  shift 145
	ELSE  shift 288
	ENDIF  shift 289
	WHILE  shift 146
	DO  shift 147
	BREAK  shift 148
	CONTINUE  shift 149
	.  error

	Stmt  goto 199
	inputStmt  goto 152
	outputStmt  goto 153
	assignStmt  goto 154
	ifStmt  goto 155
	whileStmt  goto 156
	doWhileStmt  goto 157
	breakStmt  goto 158
	continueStmt  goto 159
	breakPointStmt  goto 160
	StructField  goto 161
	InitializeStmt  goto 162
	AllocStmt  goto 163
	FreeStmt  goto 164
	DynaMemID  goto 165
	StructID  goto 166
	DynamicMemStmt  goto 167


state 275
	Slist : Slist . Stmt ';'  (28)
	whileStmt : WHILE expr DO Slist . ENDWHILE  (50)

	ID  shift 140
	READ  shift 141
	WRITE  shift 142
	MUL  shift 143
	BREAKPOINT  shift 144
	IF  shift 145
	WHILE  shift 146
	DO  shift 147
	ENDWHILE  shift 290
	BREAK  shift 148
	CONTINUE  shift 149
	.  error

	Stmt  goto 199
	inputStmt  goto 152
	outputStmt  goto 153
	assignStmt  goto 154
	ifStmt  goto 155
	whileStmt  goto 156
	doWhileStmt  goto 157
	breakStmt  goto 158
	continueStmt  goto 159
	breakPointStmt  goto 160
	StructField  goto 161
	InitializeStmt  goto 162
	AllocStmt  goto 163
	FreeStmt  goto 164
	DynaMemID  goto 165
	StructID  goto 166
	DynamicMemStmt  goto 167


state 276
	whileStmt : WHILE expr . DO Slist ENDWHILE  (50)
	doWhileStmt : DO Slist WHILE expr . ENDWHILE  (51)
	expr : expr . PLUS expr  (135)
	expr : expr . MINUS expr  (136)
	expr : expr . MUL expr  (137)
	expr : expr . DIV expr  (138)
	expr : expr . MOD expr  (139)
	expr : expr . EQ expr  (140)
	expr : expr . NEQ expr  (141)
	expr : expr . LT expr  (142)
	expr : expr . LTE expr  (143)
	expr : expr . GT expr  (144)
	expr : expr . GTE expr  (145)
	expr : expr . AND expr  (146)
	expr : expr . OR expr  (147)

	PLUS  shift 223
	MINUS  shift 224
	MUL  shift 225
	DIV  shift 226
	MOD  shift 227
	DO  shift 238
	ENDWHILE  shift 291
	AND  shift 228
	OR  shift 229
	EQ  shift 230
	NEQ  shift 231
	LT  shift 232
	LTE  shift 233
	GT  shift 234
	GTE  shift 235
	.  error


state 277
	retStmt : RETURN retVal ';' .  (47)

	.  reduce 47


state 278
	FBody : BEGIN_ Slist retStmt END ';' .  (103)

	.  reduce 103


state 279
	InitializeStmt : DynaMemID INITIALIZE '(' ')' .  (128)

	.  reduce 128


state 280
	AllocStmt : DynaMemID ALLOC '(' ')' .  (126)

	.  reduce 126


state 281
	FreeStmt : DynaMemID FREE '(' expr . ')'  (127)
	expr : expr . PLUS expr  (135)
	expr : expr . MINUS expr  (136)
	expr : expr . MUL expr  (137)
	expr : expr . DIV expr  (138)
	expr : expr . MOD expr  (139)
	expr : expr . EQ expr  (140)
	expr : expr . NEQ expr  (141)
	expr : expr . LT expr  (142)
	expr : expr . LTE expr  (143)
	expr : expr . GT expr  (144)
	expr : expr . GTE expr  (145)
	expr : expr . AND expr  (146)
	expr : expr . OR expr  (147)

	PLUS  shift 223
	MINUS  shift 224
	MUL  shift 225
	DIV  shift 226
	MOD  shift 227
	AND  shift 228
	OR  shift 229
	')'  shift 292
	EQ  shift 230
	NEQ  shift 231
	LT  shift 232
	LTE  shift 233
	GT  shift 234
	GTE  shift 235
	.  error


state 282
	MBody : BEGIN_ Slist retStmt . END ';'  (122)

	END  shift 293
	.  error


state 283
	MethodDecl : TypeName ID '(' ParamList ')' . ';'  (26)

	';'  shift 294
	.  error


state 284
	assignStmt : ID '[' expr ']' '=' . expr  (43)
	DynaMemID : ID '[' expr ']' '=' .  (130)

	ID  shift 183
	NUM  shift 184
	STRING  shift 185
	NULL_  shift 186
	MUL  shift 187
	AMPERSAND  shift 188
	NOT  shift 189
	'('  shift 190
	INITIALIZE  reduce 130
	ALLOC  reduce 130
	FREE  reduce 130

	expr  goto 295
	StructField  goto 192
	StructID  goto 166


state 285
	ArgList : ArgList ',' . Arg  (89)

	ID  shift 183
	NUM  shift 184
	STRING  shift 185
	NULL_  shift 186
	MUL  shift 187
	AMPERSAND  shift 188
	NOT  shift 189
	'('  shift 190
	.  error

	expr  goto 255
	Arg  goto 296
	StructField  goto 192
	StructID  goto 166


state 286
	expr : ID '(' ArgList ')' .  (151)

	.  reduce 151


state 287
	StructID : ID '[' expr ']' .  (134)
	expr : ID '[' expr ']' .  (152)

	PLUS  reduce 152
	MINUS  reduce 152
	MUL  reduce 152
	DIV  reduce 152
	MOD  reduce 152
	THEN  reduce 152
	DO  reduce 152
	ENDWHILE  reduce 152
	AND  reduce 152
	OR  reduce 152
	','  reduce 152
	')'  reduce 152
	EQ  reduce 152
	NEQ  reduce 152
	LT  reduce 152
	LTE  reduce 152
	GT  reduce 152
	GTE  reduce 152
	';'  reduce 152
	']'  reduce 152
	'.'  reduce 134


state 288
	ifStmt : IF expr THEN Slist ELSE . Slist ENDIF  (48)

	ID  shift 140
	READ  shift 141
	WRITE  shift 142
	MUL  shift 143
	BREAKPOINT  shift 144
	IF  shift 145
	WHILE  shift 146
	DO  shift 147
	BREAK  shift 148
	CONTINUE  shift 149
	.  error

	Slist  goto 297
	Stmt  goto 151
	inputStmt  goto 152
	outputStmt  goto 153
	assignStmt  goto 154
	ifStmt  goto 155
	whileStmt  goto 156
	doWhileStmt  goto 157
	breakStmt  goto 158
	continueStmt  goto 159
	breakPointStmt  goto 160
	StructField  goto 161
	InitializeStmt  goto 162
	AllocStmt  goto 163
	FreeStmt  goto 164
	DynaMemID  goto 165
	StructID  goto 166
	DynamicMemStmt  goto 167


state 289
	ifStmt : IF expr THEN Slist ENDIF .  (49)

	.  reduce 49


state 290
	whileStmt : WHILE expr DO Slist ENDWHILE .  (50)

	.  reduce 50


state 291
	doWhileStmt : DO Slist WHILE expr ENDWHILE .  (51)

	.  reduce 51


state 292
	FreeStmt : DynaMemID FREE '(' expr ')' .  (127)

	.  reduce 127


state 293
	MBody : BEGIN_ Slist retStmt END . ';'  (122)

	';'  shift 298
	.  error


state 294
	MethodDecl : TypeName ID '(' ParamList ')' ';' .  (26)

	.  reduce 26


state 295
	assignStmt : ID '[' expr ']' '=' expr .  (43)
	expr : expr . PLUS expr  (135)
	expr : expr . MINUS expr  (136)
	expr : expr . MUL expr  (137)
	expr : expr . DIV expr  (138)
	expr : expr . MOD expr  (139)
	expr : expr . EQ expr  (140)
	expr : expr . NEQ expr  (141)
	expr : expr . LT expr  (142)
	expr : expr . LTE expr  (143)
	expr : expr . GT expr  (144)
	expr : expr . GTE expr  (145)
	expr : expr . AND expr  (146)
	expr : expr . OR expr  (147)

	PLUS  shift 223
	MINUS  shift 224
	MUL  shift 225
	DIV  shift 226
	MOD  shift 227
	AND  shift 228
	OR  shift 229
	EQ  shift 230
	NEQ  shift 231
	LT  shift 232
	LTE  shift 233
	GT  shift 234
	GTE  shift 235
	';'  reduce 43


state 296
	ArgList : ArgList ',' Arg .  (89)

	.  reduce 89


state 297
	Slist : Slist . Stmt ';'  (28)
	ifStmt : IF expr THEN Slist ELSE Slist . ENDIF  (48)

	ID  shift 140
	READ  shift 141
	WRITE  shift 142
	MUL  shift 143
	BREAKPOINT  shift 144
	IF  shift 145
	ENDIF  shift 299
	WHILE  shift 146
	DO  shift 147
	BREAK  shift 148
	CONTINUE  shift 149
	.  error

	Stmt  goto 199
	inputStmt  goto 152
	outputStmt  goto 153
	assignStmt  goto 154
	ifStmt  goto 155
	whileStmt  goto 156
	doWhileStmt  goto 157
	breakStmt  goto 158
	continueStmt  goto 159
	breakPointStmt  goto 160
	StructField  goto 161
	InitializeStmt  goto 162
	AllocStmt  goto 163
	FreeStmt  goto 164
	DynaMemID  goto 165
	StructID  goto 166
	DynamicMemStmt  goto 167


state 298
	MBody : BEGIN_ Slist retStmt END ';' .  (122)

	.  reduce 122


state 299
	ifStmt : IF expr THEN Slist ELSE Slist ENDIF .  (48)

	.  reduce 48


59 terminals, 70 nonterminals
159 grammar rules, 300 states
